17:30:59.298 [main                     ] DEBUG Logger               - Configured Logger
17:30:59.314 [main                     ] DEBUG GameApplication      - Logging settings
Title: GameDemoApp
Version: 0.1
Width: 800
Height: 600
Fullscreen: false
Intro: false
Profiling: false
Single step:false
App Mode: DEVELOPER
Menu Key: ESCAPE
Stage Style: DECORATED
Scene Factory: class com.almasb.fxgl.app.scene.SceneFactory

17:30:59.516 [JavaFX Application Thread] DEBUG FXGLApplication      - Initializing FXGL
17:30:59.518 [JavaFX Application Thread] INFO  Engine               - FXGL-21.1 (27.03.2024 07.52) on WINDOWS (J:21.0.1 FX:21.0.1)
17:30:59.519 [JavaFX Application Thread] DEBUG Engine               - JRE Vendor Name: Oracle Corporation
17:30:59.519 [JavaFX Application Thread] DEBUG Engine               - Running on OS: Windows 11 version 10.0
17:30:59.519 [JavaFX Application Thread] DEBUG Engine               - Architecture: amd64
17:30:59.519 [JavaFX Application Thread] INFO  Engine               - Source code and latest versions at: https://github.com/AlmasB/FXGL
17:30:59.519 [JavaFX Application Thread] INFO  Engine               -       Ask questions and discuss at: https://github.com/AlmasB/FXGL/discussions
17:30:59.519 [JavaFX Application Thread] INFO  Engine               -              Join the FXGL chat at: https://gitter.im/AlmasB/FXGL
17:30:59.561 [JavaFX Application Thread] DEBUG PrimaryStageWindow   - Creating a JavaFX scene
17:30:59.584 [JavaFX Application Thread] DEBUG PrimaryStageWindow   - Target settings size: 800.0 x 600.0
17:30:59.584 [JavaFX Application Thread] DEBUG PrimaryStageWindow   - Scaled scene size:    800.0 x 600.0
17:30:59.584 [JavaFX Application Thread] DEBUG PrimaryStageWindow   - Scaled ratio: (1.0, 1.0)
17:30:59.585 [JavaFX Application Thread] DEBUG PrimaryStageWindow   - Set initial scene to FXGLStartupScene
17:30:59.586 [JavaFX Application Thread] DEBUG PrimaryStageWindow   - Opening main window
17:30:59.633 [JavaFX Application Thread] DEBUG PrimaryStageWindow   - Window border size: (14.4000244140625, 37.5999755859375)
17:30:59.633 [JavaFX Application Thread] DEBUG PrimaryStageWindow   - Scaled size: 800.0 x 600.0
17:30:59.633 [JavaFX Application Thread] DEBUG PrimaryStageWindow   - Scaled ratio: (1.0, 1.0)
17:30:59.633 [JavaFX Application Thread] DEBUG PrimaryStageWindow   - Scene size: 800.0 x 600.0
17:30:59.633 [JavaFX Application Thread] DEBUG PrimaryStageWindow   - Stage size: 814.4000244140625 x 637.5999755859375
17:30:59.637 [FXGL Background Thread 1 ] DEBUG Engine               - Initializing environment variables
17:30:59.665 [FXGL Background Thread 1 ] DEBUG FXGLAssetLoaderServi - User app class for loading assets: class com.HODS.GameDemoApp
17:30:59.665 [FXGL Background Thread 1 ] DEBUG GameApplicationServi - Applying CSS: fxgl_dark.css
17:30:59.665 [FXGL Background Thread 1 ] DEBUG FXGLAssetLoaderServi - Loading from file system: jar:file:///C:/Users/Administrator/.m2/repository/com/github/almasb/fxgl/21.1/fxgl-21.1.jar!/fxglassets/ui/css/fxgl_dark.css
17:30:59.690 [FXGL Background Thread 1 ] DEBUG GameApplicationServi - Initializing application scenes
17:30:59.723 [FXGL Background Thread 1 ] DEBUG GameWorld            - Game world initialized
17:30:59.750 [FXGL Background Thread 1 ] DEBUG PhysicsWorld         - Physics world initialized: appHeight=600, physics.ppm=50.0
17:30:59.750 [FXGL Background Thread 1 ] DEBUG PhysicsWorld         - Using strategy: BRUTE_FORCE
17:30:59.752 [FXGL Background Thread 1 ] DEBUG GameScene            - Game scene initialized: 800x600
17:30:59.756 [FXGL Background Thread 1 ] DEBUG FXGL.DefaultMenu     - createMenuBodyGameMenu()
17:30:59.762 [FXGL Background Thread 1 ] DEBUG FXGL.DefaultMenu     - createOptionsMenu()
17:30:59.766 [FXGL Background Thread 1 ] DEBUG FXGLAssetLoaderServi - Loading from file system: jar:file:///C:/Users/Administrator/.m2/repository/com/github/almasb/fxgl/21.1/fxgl-21.1.jar!/fxglassets/textures/particles/smoke.png
17:30:59.811 [FXGL Background Thread 1 ] DEBUG FXGLAssetLoaderServi - Loading from file system: jar:file:///C:/Users/Administrator/.m2/repository/com/github/almasb/fxgl/21.1/fxgl-21.1.jar!/fxglassets/textures/particles/trace_horizontal.png
17:30:59.825 [FXGL Background Thread 1 ] DEBUG GameApplicationServi - Application scenes initialized
17:30:59.833 [FXGL Background Thread 1 ] DEBUG SystemBundleService  - Loading FXGL system data
17:30:59.834 [FXGL Background Thread 1 ] DEBUG FileSystemAccess     - Reading from: C:\Users\Administrator\IdeaProjects\GameDemo\system\fxgl.bundle
17:30:59.839 [FXGL Background Thread 1 ] DEBUG SystemBundleService  - Bundle FXGL: {}
17:30:59.839 [FXGL Background Thread 1 ] DEBUG UpdaterService       - Checking for updates
17:30:59.841 [FXGL Background Thread 4 ] DEBUG FXGLApplication      - Loading fonts
17:30:59.841 [FXGL Background Thread 1 ] DEBUG FXGLApplication      - Loading default localization
17:30:59.841 [FXGL Background Thread 4 ] DEBUG FXGLAssetLoaderServi - Loading from file system: jar:file:///C:/Users/Administrator/.m2/repository/com/github/almasb/fxgl/21.1/fxgl-21.1.jar!/fxglassets/ui/fonts/VarelaRound-Regular.ttf
17:30:59.841 [FXGL Background Thread 1 ] DEBUG FXGLAssetLoaderServi - Loading from file system: jar:file:///C:/Users/Administrator/.m2/repository/com/github/almasb/fxgl/21.1/fxgl-21.1.jar!/fxglassets/languages/english.lang
17:30:59.858 [FXGL Background Thread 1 ] INFO  FXGLApplication      - FXGL initialization took: 0.222 sec
17:30:59.859 [JavaFX Application Thread] DEBUG FXGLAssetLoaderServi - Loading from file system: file:/C:/Users/Administrator/IdeaProjects/GameDemo/target/classes/assets/textures/Ghost1.gif
17:30:59.859 [FXGL Background Thread 4 ] DEBUG FXGLAssetLoaderServi - Loading from file system: jar:file:///C:/Users/Administrator/.m2/repository/com/github/almasb/fxgl/21.1/fxgl-21.1.jar!/fxglassets/ui/fonts/Abel-Regular.ttf
17:30:59.861 [FXGL Background Thread 4 ] DEBUG FXGLAssetLoaderServi - Loading from file system: jar:file:///C:/Users/Administrator/.m2/repository/com/github/almasb/fxgl/21.1/fxgl-21.1.jar!/fxglassets/ui/fonts/TerminalLandMono-Regular.otf
17:30:59.862 [FXGL Background Thread 4 ] DEBUG FXGLAssetLoaderServi - Loading from file system: jar:file:///C:/Users/Administrator/.m2/repository/com/github/almasb/fxgl/21.1/fxgl-21.1.jar!/fxglassets/ui/fonts/Courier-Prime.ttf
17:30:59.862 [JavaFX Application Thread] DEBUG FXGLAssetLoaderServi - Loading from file system: jar:file:///C:/Users/Administrator/.m2/repository/com/github/almasb/fxgl/21.1/fxgl-21.1.jar!/fxglassets/textures/fxgl_default_cursor.png
17:30:59.867 [JavaFX Application Thread] DEBUG Input                - Registered new binding: Screenshot - CTRL+8
17:30:59.868 [JavaFX Application Thread] DEBUG Input                - Registered new binding: System info dump - CTRL+9
17:30:59.868 [JavaFX Application Thread] DEBUG Input                - Registered new binding: Restart - CTRL+R
17:30:59.868 [JavaFX Application Thread] DEBUG Input                - Registered new binding: Toggle Debug Camera - CTRL+7
17:30:59.869 [JavaFX Application Thread] DEBUG LoopRunner           - Starting loop
17:30:59.870 [JavaFX Application Thread] DEBUG LoopRunner           - Initializing JavaFX AnimationTimerLoop
17:30:59.870 [JavaFX Application Thread] DEBUG GameApplicationServi - Starting new game
17:30:59.870 [JavaFX Application Thread] DEBUG Input                - Clearing active input actions
17:30:59.877 [JavaFX Application Thread] DEBUG GameApplicationServi - Removing overlay from FXGLStartupScene and adding to FXGLLoadingScene
17:30:59.877 [JavaFX Application Thread] DEBUG PrimaryStageWindow   - FXGLStartupScene -> FXGLLoadingScene
17:30:59.877 [JavaFX Application Thread] DEBUG GameApplicationServi - Clearing previous game
17:30:59.877 [JavaFX Application Thread] DEBUG GameScene            - Clearing game scene
17:30:59.877 [JavaFX Application Thread] DEBUG GameWorld            - Clearing game world
17:30:59.877 [JavaFX Application Thread] DEBUG PhysicsWorld         - Clearing physics world
17:30:59.878 [FXGL Background Thread 4 ] DEBUG FXGLApplication      - Initializing game
17:30:59.878 [JavaFX Application Thread] DEBUG FXGLApplication      - Registering font factories with UI factory
17:30:59.902 [JavaFX Application Thread] DEBUG LoopRunner           - Stopping loop
17:30:59.904 [JavaFX Application Thread] FATAL FXGLApplication      - Uncaught Exception:
java.lang.RuntimeException: Initialization failed
	at com.almasb.fxgl.all@21.1/com.almasb.fxgl.app.FXGLApplication$InitAppTask.failed(FXGLApplication.kt:347)
	at javafx.graphics@21.0.1/javafx.concurrent.Task.setState(Task.java:710)
	at javafx.graphics@21.0.1/javafx.concurrent.Task$TaskCallable.lambda$call$2(Task.java:1429)
	at javafx.graphics@21.0.1/com.sun.javafx.application.PlatformImpl.lambda$runLater$10(PlatformImpl.java:456)
	at java.base/java.security.AccessController.doPrivileged(AccessController.java:400)
	at javafx.graphics@21.0.1/com.sun.javafx.application.PlatformImpl.lambda$runLater$11(PlatformImpl.java:455)
	at javafx.graphics@21.0.1/com.sun.glass.ui.InvokeLaterDispatcher$Future.run(InvokeLaterDispatcher.java:95)
	at javafx.graphics@21.0.1/com.sun.glass.ui.win.WinApplication._runLoop(Native Method)
	at javafx.graphics@21.0.1/com.sun.glass.ui.win.WinApplication.lambda$runLoop$3(WinApplication.java:185)
	at java.base/java.lang.Thread.run(Thread.java:1583)
Caused by: java.lang.IllegalArgumentException: Invalid URL: Invalid URL or resource not found
	at javafx.graphics@21.0.1/javafx.scene.image.Image.validateUrl(Image.java:1133)
	at javafx.graphics@21.0.1/javafx.scene.image.Image.<init>(Image.java:627)
	at GameDemo/com.HODS.MoveComponent.<init>(MoveComponent.java:67)
	at GameDemo/com.HODS.CustomerEneieyFactory.createEntity(CustomerEneieyFactory.java:10)
	at GameDemo/com.HODS.GameDemoApp.initGame(GameDemoApp.java:68)
	at com.almasb.fxgl.all@21.1/com.almasb.fxgl.app.FXGLApplication$InitAppTask.initGame(FXGLApplication.kt:343)
	at com.almasb.fxgl.all@21.1/com.almasb.fxgl.app.FXGLApplication$InitAppTask.call(FXGLApplication.kt:321)
	at com.almasb.fxgl.all@21.1/com.almasb.fxgl.app.FXGLApplication$InitAppTask.call(FXGLApplication.kt:313)
	at javafx.graphics@21.0.1/javafx.concurrent.Task$TaskCallable.call(Task.java:1399)
	at java.base/java.util.concurrent.FutureTask.run(FutureTask.java:317)
	at java.base/java.util.concurrent.Executors$RunnableAdapter.call(Executors.java:572)
	at java.base/java.util.concurrent.FutureTask.run(FutureTask.java:317)
	at java.base/java.util.concurrent.ThreadPoolExecutor.runWorker(ThreadPoolExecutor.java:1144)
	at java.base/java.util.concurrent.ThreadPoolExecutor$Worker.run(ThreadPoolExecutor.java:642)
	... 1 more
Caused by: java.lang.IllegalArgumentException: Invalid URL or resource not found
	at javafx.graphics@21.0.1/javafx.scene.image.Image.validateUrl(Image.java:1122)
	... 14 more

17:30:59.904 [JavaFX Application Thread] FATAL FXGLApplication      - Application will now exit
17:30:59.921 [JavaFX Application Thread] DEBUG PrimaryStageWindow   - Push state: ErrorSubScene
17:30:59.921 [JavaFX Application Thread] DEBUG Input                - Clearing active input actions
17:30:59.924 [JavaFX Application Thread] DEBUG GameApplicationServi - Removing overlay from FXGLLoadingScene and adding to ErrorSubScene
17:30:59.924 [JavaFX Application Thread] DEBUG PrimaryStageWindow   - FXGLLoadingScene -> ErrorSubScene
17:30:59.953 [FXGL Background Thread 2 ] WARN  UpdaterService       - Failed to find updates: java.net.UnknownHostException: raw.githubusercontent.com
17:31:01.720 [JavaFX Application Thread] DEBUG FXGLApplication      - Exiting FXGL
17:31:01.720 [JavaFX Application Thread] DEBUG Async                - Shutting down background threads
17:31:01.720 [JavaFX Application Thread] DEBUG PrimaryStageWindow   - Closing main window
17:31:01.730 [JavaFX Application Thread] DEBUG Logger               - Closing Logger
