09:38:33.642 [main                     ] DEBUG Logger               - Configured Logger
09:38:33.655 [main                     ] DEBUG GameApplication      - Logging settings
Title: GameDemoApp
Version: 0.1
Width: 800
Height: 600
Fullscreen: false
Intro: false
Profiling: false
Single step:false
App Mode: DEVELOPER
Menu Key: ESCAPE
Stage Style: DECORATED
Scene Factory: class com.almasb.fxgl.app.scene.SceneFactory

09:38:33.864 [JavaFX Application Thread] DEBUG FXGLApplication      - Initializing FXGL
09:38:33.866 [JavaFX Application Thread] INFO  Engine               - FXGL-17.3 (30.03.2023 11.49) on WINDOWS (J:21.0.1 FX:20)
09:38:33.866 [JavaFX Application Thread] DEBUG Engine               - JRE Vendor Name: Oracle Corporation
09:38:33.866 [JavaFX Application Thread] DEBUG Engine               - Running on OS: Windows 11 version 10.0
09:38:33.866 [JavaFX Application Thread] DEBUG Engine               - Architecture: amd64
09:38:33.866 [JavaFX Application Thread] INFO  Engine               - Source code and latest versions at: https://github.com/AlmasB/FXGL
09:38:33.866 [JavaFX Application Thread] INFO  Engine               -       Ask questions and discuss at: https://github.com/AlmasB/FXGL/discussions
09:38:33.867 [JavaFX Application Thread] INFO  Engine               -              Join the FXGL chat at: https://gitter.im/AlmasB/FXGL
09:38:33.908 [JavaFX Application Thread] DEBUG PrimaryStageWindow   - Creating a JavaFX scene
09:38:33.931 [JavaFX Application Thread] DEBUG PrimaryStageWindow   - Target settings size: 800.0 x 600.0
09:38:33.932 [JavaFX Application Thread] DEBUG PrimaryStageWindow   - Scaled scene size:    800.0 x 600.0
09:38:33.932 [JavaFX Application Thread] DEBUG PrimaryStageWindow   - Scaled ratio: (1.0, 1.0)
09:38:33.932 [JavaFX Application Thread] DEBUG PrimaryStageWindow   - Set initial scene to FXGLStartupScene
09:38:33.934 [JavaFX Application Thread] DEBUG PrimaryStageWindow   - Opening main window
09:38:33.977 [JavaFX Application Thread] DEBUG PrimaryStageWindow   - Window border size: (14.4000244140625, 37.5999755859375)
09:38:33.977 [JavaFX Application Thread] DEBUG PrimaryStageWindow   - Scaled size: 800.0 x 600.0
09:38:33.977 [JavaFX Application Thread] DEBUG PrimaryStageWindow   - Scaled ratio: (1.0, 1.0)
09:38:33.977 [JavaFX Application Thread] DEBUG PrimaryStageWindow   - Scene size: 800.0 x 600.0
09:38:33.977 [JavaFX Application Thread] DEBUG PrimaryStageWindow   - Stage size: 814.4000244140625 x 637.5999755859375
09:38:33.981 [FXGL Background Thread 1 ] DEBUG Engine               - Initializing environment variables
09:38:34.009 [FXGL Background Thread 1 ] DEBUG FXGLAssetLoaderServi - User app class for loading assets: class com.HODS.GameDemoApp
09:38:34.009 [FXGL Background Thread 1 ] DEBUG GameApplicationServi - Applying CSS: fxgl_dark.css
09:38:34.009 [FXGL Background Thread 1 ] DEBUG FXGLAssetLoaderServi - Loading from file system: jar:file:///C:/Users/Administrator/.m2/repository/com/github/almasb/fxgl/17.3/fxgl-17.3.jar!/fxglassets/ui/css/fxgl_dark.css
09:38:34.030 [FXGL Background Thread 1 ] DEBUG GameApplicationServi - Initializing application scenes
09:38:34.062 [FXGL Background Thread 1 ] DEBUG GameWorld            - Game world initialized
09:38:34.089 [FXGL Background Thread 1 ] DEBUG PhysicsWorld         - Physics world initialized: appHeight=600, physics.ppm=50.0
09:38:34.089 [FXGL Background Thread 1 ] DEBUG PhysicsWorld         - Using strategy: BRUTE_FORCE
09:38:34.091 [FXGL Background Thread 1 ] DEBUG GameScene            - Game scene initialized: 800x600
09:38:34.096 [FXGL Background Thread 1 ] DEBUG FXGL.DefaultMenu     - createMenuBodyGameMenu()
09:38:34.101 [FXGL Background Thread 1 ] DEBUG FXGL.DefaultMenu     - createOptionsMenu()
09:38:34.106 [FXGL Background Thread 1 ] DEBUG FXGLAssetLoaderServi - Loading from file system: jar:file:///C:/Users/Administrator/.m2/repository/com/github/almasb/fxgl/17.3/fxgl-17.3.jar!/fxglassets/textures/particles/smoke.png
09:38:34.151 [FXGL Background Thread 1 ] DEBUG FXGLAssetLoaderServi - Loading from file system: jar:file:///C:/Users/Administrator/.m2/repository/com/github/almasb/fxgl/17.3/fxgl-17.3.jar!/fxglassets/textures/particles/trace_horizontal.png
09:38:34.169 [FXGL Background Thread 1 ] DEBUG GameApplicationServi - Application scenes initialized
09:38:34.174 [FXGL Background Thread 1 ] DEBUG SystemBundleService  - Loading FXGL system data
09:38:34.176 [FXGL Background Thread 1 ] DEBUG FileSystemAccess     - Reading from: C:\Users\Administrator\IdeaProjects\GameDemo\system\fxgl.bundle
09:38:34.180 [FXGL Background Thread 1 ] DEBUG SystemBundleService  - Bundle FXGL: {}
09:38:34.181 [FXGL Background Thread 1 ] DEBUG UpdaterService       - Checking for updates
09:38:34.182 [FXGL Background Thread 4 ] DEBUG FXGLApplication      - Loading fonts
09:38:34.182 [FXGL Background Thread 1 ] DEBUG FXGLApplication      - Loading default localization
09:38:34.183 [FXGL Background Thread 1 ] DEBUG FXGLAssetLoaderServi - Loading from file system: jar:file:///C:/Users/Administrator/.m2/repository/com/github/almasb/fxgl/17.3/fxgl-17.3.jar!/fxglassets/languages/english.lang
09:38:34.183 [FXGL Background Thread 4 ] DEBUG FXGLAssetLoaderServi - Loading from file system: jar:file:///C:/Users/Administrator/.m2/repository/com/github/almasb/fxgl/17.3/fxgl-17.3.jar!/fxglassets/ui/fonts/VarelaRound-Regular.ttf
09:38:34.195 [FXGL Background Thread 1 ] INFO  FXGLApplication      - FXGL initialization took: 0.214 sec
09:38:34.201 [FXGL Background Thread 4 ] DEBUG FXGLAssetLoaderServi - Loading from file system: jar:file:///C:/Users/Administrator/.m2/repository/com/github/almasb/fxgl/17.3/fxgl-17.3.jar!/fxglassets/ui/fonts/Abel-Regular.ttf
09:38:34.202 [JavaFX Application Thread] DEBUG Input                - Registered new binding: Move UP - Up
09:38:34.202 [JavaFX Application Thread] DEBUG Input                - Registered new binding: Move DOWN - Down
09:38:34.202 [JavaFX Application Thread] DEBUG Input                - Registered new binding: Move LEFT - Left
09:38:34.202 [JavaFX Application Thread] DEBUG Input                - Registered new binding: Move RIGHT - Right
09:38:34.202 [JavaFX Application Thread] DEBUG FXGLAssetLoaderServi - Loading from file system: file:/C:/Users/Administrator/IdeaProjects/GameDemo/target/classes/assets/textures/Ghost1.gif
09:38:34.204 [FXGL Background Thread 4 ] DEBUG FXGLAssetLoaderServi - Loading from file system: jar:file:///C:/Users/Administrator/.m2/repository/com/github/almasb/fxgl/17.3/fxgl-17.3.jar!/fxglassets/ui/fonts/TerminalLandMono-Regular.otf
09:38:34.205 [FXGL Background Thread 4 ] DEBUG FXGLAssetLoaderServi - Loading from file system: jar:file:///C:/Users/Administrator/.m2/repository/com/github/almasb/fxgl/17.3/fxgl-17.3.jar!/fxglassets/ui/fonts/Courier-Prime.ttf
09:38:34.206 [JavaFX Application Thread] DEBUG FXGLAssetLoaderServi - Loading from file system: jar:file:///C:/Users/Administrator/.m2/repository/com/github/almasb/fxgl/17.3/fxgl-17.3.jar!/fxglassets/textures/fxgl_default_cursor.png
09:38:34.207 [JavaFX Application Thread] DEBUG Input                - Registered new binding: Screenshot - CTRL+8
09:38:34.207 [JavaFX Application Thread] DEBUG Input                - Registered new binding: System info dump - CTRL+9
09:38:34.207 [JavaFX Application Thread] DEBUG Input                - Registered new binding: Restart - CTRL+R
09:38:34.208 [JavaFX Application Thread] DEBUG Input                - Registered new binding: Toggle Debug Camera - CTRL+7
09:38:34.209 [JavaFX Application Thread] DEBUG LoopRunner           - Starting loop
09:38:34.209 [JavaFX Application Thread] DEBUG LoopRunner           - Initializing JavaFX AnimationTimerLoop
09:38:34.209 [JavaFX Application Thread] DEBUG GameApplicationServi - Starting new game
09:38:34.210 [JavaFX Application Thread] DEBUG Input                - Clearing active input actions
09:38:34.217 [JavaFX Application Thread] DEBUG GameApplicationServi - Removing overlay from FXGLStartupScene and adding to FXGLLoadingScene
09:38:34.217 [JavaFX Application Thread] DEBUG PrimaryStageWindow   - FXGLStartupScene -> FXGLLoadingScene
09:38:34.217 [JavaFX Application Thread] DEBUG GameApplicationServi - Clearing previous game
09:38:34.217 [JavaFX Application Thread] DEBUG GameScene            - Clearing game scene
09:38:34.217 [JavaFX Application Thread] DEBUG GameWorld            - Clearing game world
09:38:34.217 [JavaFX Application Thread] DEBUG PhysicsWorld         - Clearing physics world
09:38:34.218 [JavaFX Application Thread] DEBUG FXGLApplication      - Registering font factories with UI factory
09:38:34.218 [FXGL Background Thread 4 ] DEBUG FXGLApplication      - Initializing game
09:38:34.221 [FXGL Background Thread 4 ] INFO  FXGLApplication      - Game initialization took: 0.003 sec
09:38:34.240 [JavaFX Application Thread] DEBUG Input                - Clearing active input actions
09:38:34.243 [JavaFX Application Thread] DEBUG GameApplicationServi - Removing overlay from FXGLLoadingScene and adding to GameScene
09:38:34.244 [JavaFX Application Thread] DEBUG PrimaryStageWindow   - FXGLLoadingScene -> GameScene
09:38:34.299 [FXGL Background Thread 2 ] WARN  UpdaterService       - Failed to find updates: java.net.UnknownHostException: raw.githubusercontent.com
09:38:37.088 [JavaFX Application Thread] DEBUG FXGLApplication      - Exiting FXGL
09:38:37.088 [JavaFX Application Thread] DEBUG LoopRunner           - Stopping loop
09:38:37.088 [JavaFX Application Thread] DEBUG SystemBundleService  - Saving FXGL system data
09:38:37.090 [JavaFX Application Thread] DEBUG FileSystemAccess     - Writing to: C:\Users\Administrator\IdeaProjects\GameDemo\system\fxgl.bundle
09:38:37.091 [JavaFX Application Thread] DEBUG Async                - Shutting down background threads
09:38:37.091 [JavaFX Application Thread] DEBUG PrimaryStageWindow   - Closing main window
09:38:37.099 [JavaFX Application Thread] DEBUG Logger               - Closing Logger
