23:40:23.531 [main                     ] DEBUG Logger               - Configured Logger
23:40:23.545 [main                     ] DEBUG GameApplication      - Logging settings
Title: GameDemoApp
Version: 0.1
Width: 585
Height: 720
Fullscreen: false
Intro: false
Profiling: false
Single step:false
App Mode: DEVELOPER
Menu Key: ESCAPE
Stage Style: DECORATED
Scene Factory: class com.almasb.fxgl.app.scene.SceneFactory

23:40:23.743 [JavaFX Application Thread] DEBUG FXGLApplication      - Initializing FXGL
23:40:23.744 [JavaFX Application Thread] INFO  Engine               - FXGL-21.1 (27.03.2024 07.52) on WINDOWS (J:21.0.1 FX:21.0.1)
23:40:23.745 [JavaFX Application Thread] DEBUG Engine               - JRE Vendor Name: Oracle Corporation
23:40:23.745 [JavaFX Application Thread] DEBUG Engine               - Running on OS: Windows 11 version 10.0
23:40:23.745 [JavaFX Application Thread] DEBUG Engine               - Architecture: amd64
23:40:23.745 [JavaFX Application Thread] INFO  Engine               - Source code and latest versions at: https://github.com/AlmasB/FXGL
23:40:23.745 [JavaFX Application Thread] INFO  Engine               -       Ask questions and discuss at: https://github.com/AlmasB/FXGL/discussions
23:40:23.745 [JavaFX Application Thread] INFO  Engine               -              Join the FXGL chat at: https://gitter.im/AlmasB/FXGL
23:40:23.789 [JavaFX Application Thread] DEBUG PrimaryStageWindow   - Creating a JavaFX scene
23:40:23.814 [JavaFX Application Thread] DEBUG PrimaryStageWindow   - Target settings size: 585.0 x 720.0
23:40:23.814 [JavaFX Application Thread] DEBUG PrimaryStageWindow   - Scaled scene size:    585.0 x 720.0
23:40:23.814 [JavaFX Application Thread] DEBUG PrimaryStageWindow   - Scaled ratio: (1.0, 1.0)
23:40:23.814 [JavaFX Application Thread] DEBUG PrimaryStageWindow   - Set initial scene to FXGLStartupScene
23:40:23.816 [JavaFX Application Thread] DEBUG PrimaryStageWindow   - Opening main window
23:40:23.861 [JavaFX Application Thread] DEBUG PrimaryStageWindow   - Window border size: (15.0, 37.5999755859375)
23:40:23.861 [JavaFX Application Thread] DEBUG PrimaryStageWindow   - Scaled size: 585.0 x 720.0
23:40:23.861 [JavaFX Application Thread] DEBUG PrimaryStageWindow   - Scaled ratio: (1.0, 1.0)
23:40:23.862 [JavaFX Application Thread] DEBUG PrimaryStageWindow   - Scene size: 585.0 x 720.0
23:40:23.862 [JavaFX Application Thread] DEBUG PrimaryStageWindow   - Stage size: 600.0 x 757.5999755859375
23:40:23.865 [FXGL Background Thread 1 ] DEBUG Engine               - Initializing environment variables
23:40:23.893 [FXGL Background Thread 1 ] DEBUG FXGLAssetLoaderServi - User app class for loading assets: class com.HODS.GameDemoApp
23:40:23.893 [FXGL Background Thread 1 ] DEBUG GameApplicationServi - Applying CSS: fxgl_dark.css
23:40:23.893 [FXGL Background Thread 1 ] DEBUG FXGLAssetLoaderServi - Loading from file system: jar:file:///C:/Users/Administrator/.m2/repository/com/github/almasb/fxgl/21.1/fxgl-21.1.jar!/fxglassets/ui/css/fxgl_dark.css
23:40:23.913 [FXGL Background Thread 1 ] DEBUG GameApplicationServi - Initializing application scenes
23:40:23.942 [FXGL Background Thread 1 ] DEBUG GameWorld            - Game world initialized
23:40:23.969 [FXGL Background Thread 1 ] DEBUG PhysicsWorld         - Physics world initialized: appHeight=720, physics.ppm=50.0
23:40:23.969 [FXGL Background Thread 1 ] DEBUG PhysicsWorld         - Using strategy: BRUTE_FORCE
23:40:23.971 [FXGL Background Thread 1 ] DEBUG GameScene            - Game scene initialized: 585x720
23:40:23.975 [FXGL Background Thread 1 ] WARN  FXGL.DefaultMenu     - FXGLDefaultMenu is not designed for resolutions < 800x600
23:40:23.975 [FXGL Background Thread 1 ] DEBUG FXGL.DefaultMenu     - createMenuBodyGameMenu()
23:40:23.981 [FXGL Background Thread 1 ] DEBUG FXGL.DefaultMenu     - createOptionsMenu()
23:40:23.985 [FXGL Background Thread 1 ] DEBUG FXGLAssetLoaderServi - Loading from file system: jar:file:///C:/Users/Administrator/.m2/repository/com/github/almasb/fxgl/21.1/fxgl-21.1.jar!/fxglassets/textures/particles/smoke.png
23:40:24.025 [FXGL Background Thread 1 ] DEBUG FXGLAssetLoaderServi - Loading from file system: jar:file:///C:/Users/Administrator/.m2/repository/com/github/almasb/fxgl/21.1/fxgl-21.1.jar!/fxglassets/textures/particles/trace_horizontal.png
23:40:24.038 [FXGL Background Thread 1 ] DEBUG GameApplicationServi - Application scenes initialized
23:40:24.044 [FXGL Background Thread 1 ] DEBUG SystemBundleService  - Loading FXGL system data
23:40:24.046 [FXGL Background Thread 1 ] DEBUG FileSystemAccess     - Reading from: C:\Users\Administrator\IdeaProjects\GameDemo\system\fxgl.bundle
23:40:24.050 [FXGL Background Thread 1 ] DEBUG SystemBundleService  - Bundle FXGL: {}
23:40:24.050 [FXGL Background Thread 1 ] DEBUG UpdaterService       - Checking for updates
23:40:24.052 [FXGL Background Thread 4 ] DEBUG FXGLApplication      - Loading fonts
23:40:24.053 [FXGL Background Thread 4 ] DEBUG FXGLAssetLoaderServi - Loading from file system: jar:file:///C:/Users/Administrator/.m2/repository/com/github/almasb/fxgl/21.1/fxgl-21.1.jar!/fxglassets/ui/fonts/VarelaRound-Regular.ttf
23:40:24.053 [FXGL Background Thread 1 ] DEBUG FXGLApplication      - Loading default localization
23:40:24.053 [FXGL Background Thread 1 ] DEBUG FXGLAssetLoaderServi - Loading from file system: jar:file:///C:/Users/Administrator/.m2/repository/com/github/almasb/fxgl/21.1/fxgl-21.1.jar!/fxglassets/languages/english.lang
23:40:24.068 [FXGL Background Thread 1 ] INFO  FXGLApplication      - FXGL initialization took: 0.202 sec
23:40:24.069 [JavaFX Application Thread] DEBUG FXGLAssetLoaderServi - Loading from file system: file:/C:/Users/Administrator/IdeaProjects/GameDemo/target/classes/assets/textures/Ghost1.gif
23:40:24.072 [FXGL Background Thread 4 ] DEBUG FXGLAssetLoaderServi - Loading from file system: jar:file:///C:/Users/Administrator/.m2/repository/com/github/almasb/fxgl/21.1/fxgl-21.1.jar!/fxglassets/ui/fonts/Abel-Regular.ttf
23:40:24.073 [FXGL Background Thread 4 ] DEBUG FXGLAssetLoaderServi - Loading from file system: jar:file:///C:/Users/Administrator/.m2/repository/com/github/almasb/fxgl/21.1/fxgl-21.1.jar!/fxglassets/ui/fonts/TerminalLandMono-Regular.otf
23:40:24.075 [FXGL Background Thread 4 ] DEBUG FXGLAssetLoaderServi - Loading from file system: jar:file:///C:/Users/Administrator/.m2/repository/com/github/almasb/fxgl/21.1/fxgl-21.1.jar!/fxglassets/ui/fonts/Courier-Prime.ttf
23:40:24.075 [JavaFX Application Thread] DEBUG FXGLAssetLoaderServi - Loading from file system: jar:file:///C:/Users/Administrator/.m2/repository/com/github/almasb/fxgl/21.1/fxgl-21.1.jar!/fxglassets/textures/fxgl_default_cursor.png
23:40:24.081 [JavaFX Application Thread] DEBUG Input                - Registered new binding: Screenshot - CTRL+8
23:40:24.082 [JavaFX Application Thread] DEBUG Input                - Registered new binding: System info dump - CTRL+9
23:40:24.082 [JavaFX Application Thread] DEBUG Input                - Registered new binding: Restart - CTRL+R
23:40:24.082 [JavaFX Application Thread] DEBUG Input                - Registered new binding: Toggle Debug Camera - CTRL+7
23:40:24.083 [JavaFX Application Thread] DEBUG LoopRunner           - Starting loop
23:40:24.083 [JavaFX Application Thread] DEBUG LoopRunner           - Initializing JavaFX AnimationTimerLoop
23:40:24.084 [JavaFX Application Thread] DEBUG GameApplicationServi - Starting new game
23:40:24.084 [JavaFX Application Thread] DEBUG Input                - Clearing active input actions
23:40:24.090 [JavaFX Application Thread] DEBUG GameApplicationServi - Removing overlay from FXGLStartupScene and adding to FXGLLoadingScene
23:40:24.090 [JavaFX Application Thread] DEBUG PrimaryStageWindow   - FXGLStartupScene -> FXGLLoadingScene
23:40:24.090 [JavaFX Application Thread] DEBUG GameApplicationServi - Clearing previous game
23:40:24.090 [JavaFX Application Thread] DEBUG GameScene            - Clearing game scene
23:40:24.090 [JavaFX Application Thread] DEBUG GameWorld            - Clearing game world
23:40:24.090 [JavaFX Application Thread] DEBUG PhysicsWorld         - Clearing physics world
23:40:24.091 [JavaFX Application Thread] DEBUG FXGLApplication      - Registering font factories with UI factory
23:40:24.091 [FXGL Background Thread 4 ] DEBUG FXGLApplication      - Initializing game
23:40:24.120 [FXGL Background Thread 4 ] WARN  TMXLevelLoader       - TiledMap generated from 1.11.0. Supported version: 1.9.0. Some features may not be parsed fully.
23:40:24.126 [FXGL Background Thread 4 ] DEBUG TMXLevelLoader       - Parsed TiledMap: file:/C:/Users/Administrator/IdeaProjects/GameDemo/target/classes/assets/levels/level1.tmx
23:40:24.127 [FXGL Background Thread 4 ] DEBUG TMXLevelLoader       - Creating tile layer entities
23:40:24.129 [FXGL Background Thread 4 ] DEBUG TilesetLoader        - Loading view for layer 图块层1
23:40:24.130 [FXGL Background Thread 4 ] DEBUG TilesetLoader        - Created buffer with size 480.0x720.0
23:40:24.160 [FXGL Background Thread 2 ] WARN  UpdaterService       - Failed to find updates: java.net.UnknownHostException: raw.githubusercontent.com
23:40:24.160 [FXGL Background Thread 4 ] DEBUG TilesetLoader        - Loading view for layer 图块层 2
23:40:24.161 [FXGL Background Thread 4 ] DEBUG TilesetLoader        - Created buffer with size 480.0x720.0
23:40:24.161 [FXGL Background Thread 4 ] DEBUG TMXLevelLoader       - Creating object layer entities
23:40:24.170 [FXGL Background Thread 4 ] DEBUG GameWorld            - Clearing removable entities
23:40:24.170 [FXGL Background Thread 4 ] DEBUG GameWorld            - Setting level: com.almasb.fxgl.entity.level.Level@2c462bf1
23:40:24.179 [FXGL Background Thread 4 ] DEBUG Input                - Registered new binding: Move Up - Up
23:40:24.179 [FXGL Background Thread 4 ] DEBUG Input                - Registered new binding: Move Down - Down
23:40:24.179 [FXGL Background Thread 4 ] DEBUG Input                - Registered new binding: Move Left - Left
23:40:24.179 [FXGL Background Thread 4 ] DEBUG Input                - Registered new binding: Move Right - Right
23:40:24.181 [FXGL Background Thread 4 ] WARN  TMXLevelLoader       - TiledMap generated from 1.11.0. Supported version: 1.9.0. Some features may not be parsed fully.
23:40:24.183 [FXGL Background Thread 4 ] DEBUG TMXLevelLoader       - Parsed TiledMap: file:/C:/Users/Administrator/IdeaProjects/GameDemo/target/classes/assets/levels/level1.tmx
23:40:24.183 [FXGL Background Thread 4 ] DEBUG TMXLevelLoader       - Creating tile layer entities
23:40:24.183 [FXGL Background Thread 4 ] DEBUG TilesetLoader        - Loading view for layer 图块层1
23:40:24.183 [FXGL Background Thread 4 ] DEBUG TilesetLoader        - Created buffer with size 480.0x720.0
23:40:24.200 [FXGL Background Thread 4 ] DEBUG TilesetLoader        - Loading view for layer 图块层 2
23:40:24.201 [FXGL Background Thread 4 ] DEBUG TilesetLoader        - Created buffer with size 480.0x720.0
23:40:24.201 [FXGL Background Thread 4 ] DEBUG TMXLevelLoader       - Creating object layer entities
23:40:24.202 [FXGL Background Thread 4 ] DEBUG GameWorld            - Clearing removable entities
23:40:24.203 [FXGL Background Thread 4 ] DEBUG GameWorld            - Setting level: com.almasb.fxgl.entity.level.Level@31ee73bb
23:40:24.204 [FXGL Background Thread 4 ] INFO  FXGLApplication      - Game initialization took: 0.113 sec
23:40:24.206 [JavaFX Application Thread] DEBUG Input                - Clearing active input actions
23:40:24.210 [JavaFX Application Thread] DEBUG GameApplicationServi - Removing overlay from FXGLLoadingScene and adding to GameScene
23:40:24.210 [JavaFX Application Thread] DEBUG PrimaryStageWindow   - FXGLLoadingScene -> GameScene
23:40:25.692 [JavaFX Application Thread] DEBUG FXGLApplication      - Exiting FXGL
23:40:25.692 [JavaFX Application Thread] DEBUG LoopRunner           - Stopping loop
23:40:25.692 [JavaFX Application Thread] DEBUG SystemBundleService  - Saving FXGL system data
23:40:25.694 [JavaFX Application Thread] DEBUG FileSystemAccess     - Writing to: C:\Users\Administrator\IdeaProjects\GameDemo\system\fxgl.bundle
23:40:25.695 [JavaFX Application Thread] DEBUG Async                - Shutting down background threads
23:40:25.695 [JavaFX Application Thread] DEBUG PrimaryStageWindow   - Closing main window
23:40:25.703 [JavaFX Application Thread] DEBUG Logger               - Closing Logger
