23:36:03.171 [main                     ] DEBUG Logger               - Configured Logger
23:36:03.185 [main                     ] DEBUG GameApplication      - Logging settings
Title: GameDemoApp
Version: 0.1
Width: 585
Height: 720
Fullscreen: false
Intro: false
Profiling: false
Single step:false
App Mode: DEVELOPER
Menu Key: ESCAPE
Stage Style: DECORATED
Scene Factory: class com.almasb.fxgl.app.scene.SceneFactory

23:36:03.379 [JavaFX Application Thread] DEBUG FXGLApplication      - Initializing FXGL
23:36:03.381 [JavaFX Application Thread] INFO  Engine               - FXGL-21.1 (27.03.2024 07.52) on WINDOWS (J:21.0.1 FX:21.0.1)
23:36:03.382 [JavaFX Application Thread] DEBUG Engine               - JRE Vendor Name: Oracle Corporation
23:36:03.382 [JavaFX Application Thread] DEBUG Engine               - Running on OS: Windows 11 version 10.0
23:36:03.382 [JavaFX Application Thread] DEBUG Engine               - Architecture: amd64
23:36:03.382 [JavaFX Application Thread] INFO  Engine               - Source code and latest versions at: https://github.com/AlmasB/FXGL
23:36:03.382 [JavaFX Application Thread] INFO  Engine               -       Ask questions and discuss at: https://github.com/AlmasB/FXGL/discussions
23:36:03.382 [JavaFX Application Thread] INFO  Engine               -              Join the FXGL chat at: https://gitter.im/AlmasB/FXGL
23:36:03.421 [JavaFX Application Thread] DEBUG PrimaryStageWindow   - Creating a JavaFX scene
23:36:03.444 [JavaFX Application Thread] DEBUG PrimaryStageWindow   - Target settings size: 585.0 x 720.0
23:36:03.444 [JavaFX Application Thread] DEBUG PrimaryStageWindow   - Scaled scene size:    585.0 x 720.0
23:36:03.444 [JavaFX Application Thread] DEBUG PrimaryStageWindow   - Scaled ratio: (1.0, 1.0)
23:36:03.445 [JavaFX Application Thread] DEBUG PrimaryStageWindow   - Set initial scene to FXGLStartupScene
23:36:03.446 [JavaFX Application Thread] DEBUG PrimaryStageWindow   - Opening main window
23:36:03.491 [JavaFX Application Thread] DEBUG PrimaryStageWindow   - Window border size: (15.0, 37.5999755859375)
23:36:03.491 [JavaFX Application Thread] DEBUG PrimaryStageWindow   - Scaled size: 585.0 x 720.0
23:36:03.491 [JavaFX Application Thread] DEBUG PrimaryStageWindow   - Scaled ratio: (1.0, 1.0)
23:36:03.491 [JavaFX Application Thread] DEBUG PrimaryStageWindow   - Scene size: 585.0 x 720.0
23:36:03.491 [JavaFX Application Thread] DEBUG PrimaryStageWindow   - Stage size: 600.0 x 757.5999755859375
23:36:03.495 [FXGL Background Thread 1 ] DEBUG Engine               - Initializing environment variables
23:36:03.524 [FXGL Background Thread 1 ] DEBUG FXGLAssetLoaderServi - User app class for loading assets: class com.HODS.GameDemoApp
23:36:03.524 [FXGL Background Thread 1 ] DEBUG GameApplicationServi - Applying CSS: fxgl_dark.css
23:36:03.524 [FXGL Background Thread 1 ] DEBUG FXGLAssetLoaderServi - Loading from file system: jar:file:///C:/Users/Administrator/.m2/repository/com/github/almasb/fxgl/21.1/fxgl-21.1.jar!/fxglassets/ui/css/fxgl_dark.css
23:36:03.545 [FXGL Background Thread 1 ] DEBUG GameApplicationServi - Initializing application scenes
23:36:03.574 [FXGL Background Thread 1 ] DEBUG GameWorld            - Game world initialized
23:36:03.600 [FXGL Background Thread 1 ] DEBUG PhysicsWorld         - Physics world initialized: appHeight=720, physics.ppm=50.0
23:36:03.601 [FXGL Background Thread 1 ] DEBUG PhysicsWorld         - Using strategy: BRUTE_FORCE
23:36:03.603 [FXGL Background Thread 1 ] DEBUG GameScene            - Game scene initialized: 585x720
23:36:03.608 [FXGL Background Thread 1 ] WARN  FXGL.DefaultMenu     - FXGLDefaultMenu is not designed for resolutions < 800x600
23:36:03.608 [FXGL Background Thread 1 ] DEBUG FXGL.DefaultMenu     - createMenuBodyGameMenu()
23:36:03.613 [FXGL Background Thread 1 ] DEBUG FXGL.DefaultMenu     - createOptionsMenu()
23:36:03.617 [FXGL Background Thread 1 ] DEBUG FXGLAssetLoaderServi - Loading from file system: jar:file:///C:/Users/Administrator/.m2/repository/com/github/almasb/fxgl/21.1/fxgl-21.1.jar!/fxglassets/textures/particles/smoke.png
23:36:03.661 [FXGL Background Thread 1 ] DEBUG FXGLAssetLoaderServi - Loading from file system: jar:file:///C:/Users/Administrator/.m2/repository/com/github/almasb/fxgl/21.1/fxgl-21.1.jar!/fxglassets/textures/particles/trace_horizontal.png
23:36:03.676 [FXGL Background Thread 1 ] DEBUG GameApplicationServi - Application scenes initialized
23:36:03.683 [FXGL Background Thread 1 ] DEBUG SystemBundleService  - Loading FXGL system data
23:36:03.685 [FXGL Background Thread 1 ] DEBUG FileSystemAccess     - Reading from: C:\Users\Administrator\IdeaProjects\GameDemo\system\fxgl.bundle
23:36:03.690 [FXGL Background Thread 1 ] DEBUG SystemBundleService  - Bundle FXGL: {}
23:36:03.690 [FXGL Background Thread 1 ] DEBUG UpdaterService       - Checking for updates
23:36:03.692 [FXGL Background Thread 4 ] DEBUG FXGLApplication      - Loading fonts
23:36:03.693 [FXGL Background Thread 1 ] DEBUG FXGLApplication      - Loading default localization
23:36:03.693 [FXGL Background Thread 4 ] DEBUG FXGLAssetLoaderServi - Loading from file system: jar:file:///C:/Users/Administrator/.m2/repository/com/github/almasb/fxgl/21.1/fxgl-21.1.jar!/fxglassets/ui/fonts/VarelaRound-Regular.ttf
23:36:03.693 [FXGL Background Thread 1 ] DEBUG FXGLAssetLoaderServi - Loading from file system: jar:file:///C:/Users/Administrator/.m2/repository/com/github/almasb/fxgl/21.1/fxgl-21.1.jar!/fxglassets/languages/english.lang
23:36:03.707 [FXGL Background Thread 1 ] INFO  FXGLApplication      - FXGL initialization took: 0.212 sec
23:36:03.708 [JavaFX Application Thread] DEBUG FXGLAssetLoaderServi - Loading from file system: file:/C:/Users/Administrator/IdeaProjects/GameDemo/target/classes/assets/textures/Ghost1.gif
23:36:03.711 [FXGL Background Thread 4 ] DEBUG FXGLAssetLoaderServi - Loading from file system: jar:file:///C:/Users/Administrator/.m2/repository/com/github/almasb/fxgl/21.1/fxgl-21.1.jar!/fxglassets/ui/fonts/Abel-Regular.ttf
23:36:03.713 [FXGL Background Thread 4 ] DEBUG FXGLAssetLoaderServi - Loading from file system: jar:file:///C:/Users/Administrator/.m2/repository/com/github/almasb/fxgl/21.1/fxgl-21.1.jar!/fxglassets/ui/fonts/TerminalLandMono-Regular.otf
23:36:03.715 [JavaFX Application Thread] DEBUG FXGLAssetLoaderServi - Loading from file system: jar:file:///C:/Users/Administrator/.m2/repository/com/github/almasb/fxgl/21.1/fxgl-21.1.jar!/fxglassets/textures/fxgl_default_cursor.png
23:36:03.717 [FXGL Background Thread 4 ] DEBUG FXGLAssetLoaderServi - Loading from file system: jar:file:///C:/Users/Administrator/.m2/repository/com/github/almasb/fxgl/21.1/fxgl-21.1.jar!/fxglassets/ui/fonts/Courier-Prime.ttf
23:36:03.720 [JavaFX Application Thread] DEBUG Input                - Registered new binding: Screenshot - CTRL+8
23:36:03.721 [JavaFX Application Thread] DEBUG Input                - Registered new binding: System info dump - CTRL+9
23:36:03.721 [JavaFX Application Thread] DEBUG Input                - Registered new binding: Restart - CTRL+R
23:36:03.721 [JavaFX Application Thread] DEBUG Input                - Registered new binding: Toggle Debug Camera - CTRL+7
23:36:03.722 [JavaFX Application Thread] DEBUG LoopRunner           - Starting loop
23:36:03.722 [JavaFX Application Thread] DEBUG LoopRunner           - Initializing JavaFX AnimationTimerLoop
23:36:03.723 [JavaFX Application Thread] DEBUG GameApplicationServi - Starting new game
23:36:03.723 [JavaFX Application Thread] DEBUG Input                - Clearing active input actions
23:36:03.730 [JavaFX Application Thread] DEBUG GameApplicationServi - Removing overlay from FXGLStartupScene and adding to FXGLLoadingScene
23:36:03.730 [JavaFX Application Thread] DEBUG PrimaryStageWindow   - FXGLStartupScene -> FXGLLoadingScene
23:36:03.731 [JavaFX Application Thread] DEBUG GameApplicationServi - Clearing previous game
23:36:03.731 [JavaFX Application Thread] DEBUG GameScene            - Clearing game scene
23:36:03.731 [JavaFX Application Thread] DEBUG GameWorld            - Clearing game world
23:36:03.731 [JavaFX Application Thread] DEBUG PhysicsWorld         - Clearing physics world
23:36:03.731 [JavaFX Application Thread] DEBUG FXGLApplication      - Registering font factories with UI factory
23:36:03.731 [FXGL Background Thread 4 ] DEBUG FXGLApplication      - Initializing game
23:36:03.761 [FXGL Background Thread 4 ] WARN  TMXLevelLoader       - TiledMap generated from 1.11.0. Supported version: 1.9.0. Some features may not be parsed fully.
23:36:03.770 [FXGL Background Thread 4 ] DEBUG TMXLevelLoader       - Parsed TiledMap: file:/C:/Users/Administrator/IdeaProjects/GameDemo/target/classes/assets/levels/level1.tmx
23:36:03.771 [FXGL Background Thread 4 ] DEBUG TMXLevelLoader       - Creating tile layer entities
23:36:03.772 [FXGL Background Thread 4 ] DEBUG TilesetLoader        - Loading view for layer 图块层1
23:36:03.772 [FXGL Background Thread 4 ] DEBUG TilesetLoader        - Created buffer with size 480.0x720.0
23:36:03.794 [FXGL Background Thread 2 ] WARN  UpdaterService       - Failed to find updates: java.net.UnknownHostException: raw.githubusercontent.com
23:36:03.801 [FXGL Background Thread 4 ] DEBUG TilesetLoader        - Loading view for layer 图块层 2
23:36:03.801 [FXGL Background Thread 4 ] DEBUG TilesetLoader        - Created buffer with size 480.0x720.0
23:36:03.802 [FXGL Background Thread 4 ] DEBUG TMXLevelLoader       - Creating object layer entities
23:36:03.811 [FXGL Background Thread 4 ] DEBUG GameWorld            - Clearing removable entities
23:36:03.812 [FXGL Background Thread 4 ] DEBUG GameWorld            - Setting level: com.almasb.fxgl.entity.level.Level@372367f9
23:36:03.820 [FXGL Background Thread 4 ] DEBUG Input                - Registered new binding: Move Up - Up
23:36:03.820 [FXGL Background Thread 4 ] DEBUG Input                - Registered new binding: Move Down - Down
23:36:03.821 [FXGL Background Thread 4 ] DEBUG Input                - Registered new binding: Move Left - Left
23:36:03.821 [FXGL Background Thread 4 ] DEBUG Input                - Registered new binding: Move Right - Right
23:36:03.822 [FXGL Background Thread 4 ] WARN  TMXLevelLoader       - TiledMap generated from 1.11.0. Supported version: 1.9.0. Some features may not be parsed fully.
23:36:03.824 [FXGL Background Thread 4 ] DEBUG TMXLevelLoader       - Parsed TiledMap: file:/C:/Users/Administrator/IdeaProjects/GameDemo/target/classes/assets/levels/level1.tmx
23:36:03.824 [FXGL Background Thread 4 ] DEBUG TMXLevelLoader       - Creating tile layer entities
23:36:03.824 [FXGL Background Thread 4 ] DEBUG TilesetLoader        - Loading view for layer 图块层1
23:36:03.825 [FXGL Background Thread 4 ] DEBUG TilesetLoader        - Created buffer with size 480.0x720.0
23:36:03.840 [FXGL Background Thread 4 ] DEBUG TilesetLoader        - Loading view for layer 图块层 2
23:36:03.841 [FXGL Background Thread 4 ] DEBUG TilesetLoader        - Created buffer with size 480.0x720.0
23:36:03.841 [FXGL Background Thread 4 ] DEBUG TMXLevelLoader       - Creating object layer entities
23:36:03.843 [FXGL Background Thread 4 ] DEBUG GameWorld            - Clearing removable entities
23:36:03.844 [FXGL Background Thread 4 ] DEBUG GameWorld            - Setting level: com.almasb.fxgl.entity.level.Level@6ac18b4c
23:36:03.845 [FXGL Background Thread 4 ] INFO  FXGLApplication      - Game initialization took: 0.113 sec
23:36:03.845 [JavaFX Application Thread] DEBUG Input                - Clearing active input actions
23:36:03.848 [JavaFX Application Thread] DEBUG GameApplicationServi - Removing overlay from FXGLLoadingScene and adding to GameScene
23:36:03.848 [JavaFX Application Thread] DEBUG PrimaryStageWindow   - FXGLLoadingScene -> GameScene
23:36:05.099 [JavaFX Application Thread] DEBUG FXGLApplication      - Exiting FXGL
23:36:05.099 [JavaFX Application Thread] DEBUG LoopRunner           - Stopping loop
23:36:05.099 [JavaFX Application Thread] DEBUG SystemBundleService  - Saving FXGL system data
23:36:05.100 [JavaFX Application Thread] DEBUG FileSystemAccess     - Writing to: C:\Users\Administrator\IdeaProjects\GameDemo\system\fxgl.bundle
23:36:05.101 [JavaFX Application Thread] DEBUG Async                - Shutting down background threads
23:36:05.101 [JavaFX Application Thread] DEBUG PrimaryStageWindow   - Closing main window
23:36:05.108 [JavaFX Application Thread] DEBUG Logger               - Closing Logger
