17:02:20.222 [main                     ] DEBUG Logger               - Configured Logger
17:02:20.238 [main                     ] DEBUG GameApplication      - Logging settings
Title: GameDemoApp
Version: 0.1
Width: 800
Height: 600
Fullscreen: false
Intro: false
Profiling: false
Single step:false
App Mode: DEVELOPER
Menu Key: ESCAPE
Stage Style: DECORATED
Scene Factory: class com.almasb.fxgl.app.scene.SceneFactory

17:02:20.442 [JavaFX Application Thread] DEBUG FXGLApplication      - Initializing FXGL
17:02:20.444 [JavaFX Application Thread] INFO  Engine               - FXGL-21.1 (27.03.2024 07.52) on WINDOWS (J:21.0.1 FX:21.0.1)
17:02:20.445 [JavaFX Application Thread] DEBUG Engine               - JRE Vendor Name: Oracle Corporation
17:02:20.445 [JavaFX Application Thread] DEBUG Engine               - Running on OS: Windows 11 version 10.0
17:02:20.445 [JavaFX Application Thread] DEBUG Engine               - Architecture: amd64
17:02:20.445 [JavaFX Application Thread] INFO  Engine               - Source code and latest versions at: https://github.com/AlmasB/FXGL
17:02:20.445 [JavaFX Application Thread] INFO  Engine               -       Ask questions and discuss at: https://github.com/AlmasB/FXGL/discussions
17:02:20.445 [JavaFX Application Thread] INFO  Engine               -              Join the FXGL chat at: https://gitter.im/AlmasB/FXGL
17:02:20.485 [JavaFX Application Thread] DEBUG PrimaryStageWindow   - Creating a JavaFX scene
17:02:20.508 [JavaFX Application Thread] DEBUG PrimaryStageWindow   - Target settings size: 800.0 x 600.0
17:02:20.508 [JavaFX Application Thread] DEBUG PrimaryStageWindow   - Scaled scene size:    800.0 x 600.0
17:02:20.508 [JavaFX Application Thread] DEBUG PrimaryStageWindow   - Scaled ratio: (1.0, 1.0)
17:02:20.508 [JavaFX Application Thread] DEBUG PrimaryStageWindow   - Set initial scene to FXGLStartupScene
17:02:20.510 [JavaFX Application Thread] DEBUG PrimaryStageWindow   - Opening main window
17:02:20.553 [JavaFX Application Thread] DEBUG PrimaryStageWindow   - Window border size: (14.4000244140625, 37.5999755859375)
17:02:20.553 [JavaFX Application Thread] DEBUG PrimaryStageWindow   - Scaled size: 800.0 x 600.0
17:02:20.553 [JavaFX Application Thread] DEBUG PrimaryStageWindow   - Scaled ratio: (1.0, 1.0)
17:02:20.553 [JavaFX Application Thread] DEBUG PrimaryStageWindow   - Scene size: 800.0 x 600.0
17:02:20.553 [JavaFX Application Thread] DEBUG PrimaryStageWindow   - Stage size: 814.4000244140625 x 637.5999755859375
17:02:20.557 [FXGL Background Thread 1 ] DEBUG Engine               - Initializing environment variables
17:02:20.584 [FXGL Background Thread 1 ] DEBUG FXGLAssetLoaderServi - User app class for loading assets: class com.HODS.GameDemoApp
17:02:20.584 [FXGL Background Thread 1 ] DEBUG GameApplicationServi - Applying CSS: fxgl_dark.css
17:02:20.584 [FXGL Background Thread 1 ] DEBUG FXGLAssetLoaderServi - Loading from file system: jar:file:///C:/Users/Administrator/.m2/repository/com/github/almasb/fxgl/21.1/fxgl-21.1.jar!/fxglassets/ui/css/fxgl_dark.css
17:02:20.608 [FXGL Background Thread 1 ] DEBUG GameApplicationServi - Initializing application scenes
17:02:20.639 [FXGL Background Thread 1 ] DEBUG GameWorld            - Game world initialized
17:02:20.665 [FXGL Background Thread 1 ] DEBUG PhysicsWorld         - Physics world initialized: appHeight=600, physics.ppm=50.0
17:02:20.665 [FXGL Background Thread 1 ] DEBUG PhysicsWorld         - Using strategy: BRUTE_FORCE
17:02:20.667 [FXGL Background Thread 1 ] DEBUG GameScene            - Game scene initialized: 800x600
17:02:20.672 [FXGL Background Thread 1 ] DEBUG FXGL.DefaultMenu     - createMenuBodyGameMenu()
17:02:20.677 [FXGL Background Thread 1 ] DEBUG FXGL.DefaultMenu     - createOptionsMenu()
17:02:20.681 [FXGL Background Thread 1 ] DEBUG FXGLAssetLoaderServi - Loading from file system: jar:file:///C:/Users/Administrator/.m2/repository/com/github/almasb/fxgl/21.1/fxgl-21.1.jar!/fxglassets/textures/particles/smoke.png
17:02:20.724 [FXGL Background Thread 1 ] DEBUG FXGLAssetLoaderServi - Loading from file system: jar:file:///C:/Users/Administrator/.m2/repository/com/github/almasb/fxgl/21.1/fxgl-21.1.jar!/fxglassets/textures/particles/trace_horizontal.png
17:02:20.737 [FXGL Background Thread 1 ] DEBUG GameApplicationServi - Application scenes initialized
17:02:20.745 [FXGL Background Thread 1 ] DEBUG SystemBundleService  - Loading FXGL system data
17:02:20.747 [FXGL Background Thread 1 ] DEBUG FileSystemAccess     - Reading from: C:\Users\Administrator\IdeaProjects\GameDemo\system\fxgl.bundle
17:02:20.751 [FXGL Background Thread 1 ] DEBUG SystemBundleService  - Bundle FXGL: {}
17:02:20.751 [FXGL Background Thread 1 ] DEBUG UpdaterService       - Checking for updates
17:02:20.753 [FXGL Background Thread 4 ] DEBUG FXGLApplication      - Loading fonts
17:02:20.753 [FXGL Background Thread 1 ] DEBUG FXGLApplication      - Loading default localization
17:02:20.753 [FXGL Background Thread 4 ] DEBUG FXGLAssetLoaderServi - Loading from file system: jar:file:///C:/Users/Administrator/.m2/repository/com/github/almasb/fxgl/21.1/fxgl-21.1.jar!/fxglassets/ui/fonts/VarelaRound-Regular.ttf
17:02:20.753 [FXGL Background Thread 1 ] DEBUG FXGLAssetLoaderServi - Loading from file system: jar:file:///C:/Users/Administrator/.m2/repository/com/github/almasb/fxgl/21.1/fxgl-21.1.jar!/fxglassets/languages/english.lang
17:02:20.771 [FXGL Background Thread 1 ] INFO  FXGLApplication      - FXGL initialization took: 0.214 sec
17:02:20.771 [FXGL Background Thread 4 ] DEBUG FXGLAssetLoaderServi - Loading from file system: jar:file:///C:/Users/Administrator/.m2/repository/com/github/almasb/fxgl/21.1/fxgl-21.1.jar!/fxglassets/ui/fonts/Abel-Regular.ttf
17:02:20.771 [JavaFX Application Thread] DEBUG FXGLAssetLoaderServi - Loading from file system: file:/C:/Users/Administrator/IdeaProjects/GameDemo/target/classes/assets/textures/Ghost1.gif
17:02:20.772 [FXGL Background Thread 4 ] DEBUG FXGLAssetLoaderServi - Loading from file system: jar:file:///C:/Users/Administrator/.m2/repository/com/github/almasb/fxgl/21.1/fxgl-21.1.jar!/fxglassets/ui/fonts/TerminalLandMono-Regular.otf
17:02:20.773 [FXGL Background Thread 4 ] DEBUG FXGLAssetLoaderServi - Loading from file system: jar:file:///C:/Users/Administrator/.m2/repository/com/github/almasb/fxgl/21.1/fxgl-21.1.jar!/fxglassets/ui/fonts/Courier-Prime.ttf
17:02:20.776 [JavaFX Application Thread] DEBUG FXGLAssetLoaderServi - Loading from file system: jar:file:///C:/Users/Administrator/.m2/repository/com/github/almasb/fxgl/21.1/fxgl-21.1.jar!/fxglassets/textures/fxgl_default_cursor.png
17:02:20.781 [JavaFX Application Thread] DEBUG Input                - Registered new binding: Screenshot - CTRL+8
17:02:20.781 [JavaFX Application Thread] DEBUG Input                - Registered new binding: System info dump - CTRL+9
17:02:20.782 [JavaFX Application Thread] DEBUG Input                - Registered new binding: Restart - CTRL+R
17:02:20.782 [JavaFX Application Thread] DEBUG Input                - Registered new binding: Toggle Debug Camera - CTRL+7
17:02:20.783 [JavaFX Application Thread] DEBUG LoopRunner           - Starting loop
17:02:20.783 [JavaFX Application Thread] DEBUG LoopRunner           - Initializing JavaFX AnimationTimerLoop
17:02:20.784 [JavaFX Application Thread] DEBUG GameApplicationServi - Starting new game
17:02:20.784 [JavaFX Application Thread] DEBUG Input                - Clearing active input actions
17:02:20.790 [JavaFX Application Thread] DEBUG GameApplicationServi - Removing overlay from FXGLStartupScene and adding to FXGLLoadingScene
17:02:20.791 [JavaFX Application Thread] DEBUG PrimaryStageWindow   - FXGLStartupScene -> FXGLLoadingScene
17:02:20.791 [JavaFX Application Thread] DEBUG GameApplicationServi - Clearing previous game
17:02:20.791 [JavaFX Application Thread] DEBUG GameScene            - Clearing game scene
17:02:20.791 [JavaFX Application Thread] DEBUG GameWorld            - Clearing game world
17:02:20.791 [JavaFX Application Thread] DEBUG PhysicsWorld         - Clearing physics world
17:02:20.791 [JavaFX Application Thread] DEBUG FXGLApplication      - Registering font factories with UI factory
17:02:20.791 [FXGL Background Thread 4 ] DEBUG FXGLApplication      - Initializing game
17:02:20.808 [FXGL Background Thread 4 ] DEBUG Input                - Registered new binding: Move Up - Up
17:02:20.808 [FXGL Background Thread 4 ] DEBUG Input                - Registered new binding: Move Down - Down
17:02:20.808 [FXGL Background Thread 4 ] DEBUG Input                - Registered new binding: Move Left - Left
17:02:20.808 [FXGL Background Thread 4 ] DEBUG Input                - Registered new binding: Move Right - Right
17:02:20.810 [FXGL Background Thread 4 ] INFO  FXGLApplication      - Game initialization took: 0.018 sec
17:02:20.816 [JavaFX Application Thread] DEBUG Input                - Clearing active input actions
17:02:20.820 [JavaFX Application Thread] DEBUG GameApplicationServi - Removing overlay from FXGLLoadingScene and adding to GameScene
17:02:20.820 [JavaFX Application Thread] DEBUG PrimaryStageWindow   - FXGLLoadingScene -> GameScene
17:02:20.865 [FXGL Background Thread 2 ] WARN  UpdaterService       - Failed to find updates: java.net.UnknownHostException: raw.githubusercontent.com
17:02:22.459 [JavaFX Application Thread] DEBUG FXGLApplication      - Exiting FXGL
17:02:22.459 [JavaFX Application Thread] DEBUG LoopRunner           - Stopping loop
17:02:22.460 [JavaFX Application Thread] DEBUG SystemBundleService  - Saving FXGL system data
17:02:22.461 [JavaFX Application Thread] DEBUG FileSystemAccess     - Writing to: C:\Users\Administrator\IdeaProjects\GameDemo\system\fxgl.bundle
17:02:22.462 [JavaFX Application Thread] DEBUG Async                - Shutting down background threads
17:02:22.462 [JavaFX Application Thread] DEBUG PrimaryStageWindow   - Closing main window
17:02:22.471 [JavaFX Application Thread] DEBUG Logger               - Closing Logger
