16:32:43.545 [main                     ] DEBUG Logger               - Configured Logger
16:32:43.567 [main                     ] DEBUG GameApplication      - Logging settings
Title: GameDemoApp
Version: 0.1
Width: 800
Height: 600
Fullscreen: false
Intro: false
Profiling: false
Single step:false
App Mode: DEVELOPER
Menu Key: ESCAPE
Stage Style: DECORATED
Scene Factory: class com.almasb.fxgl.app.scene.SceneFactory

16:32:43.782 [JavaFX Application Thread] DEBUG FXGLApplication      - Initializing FXGL
16:32:43.784 [JavaFX Application Thread] INFO  Engine               - FXGL-21.1 (27.03.2024 07.52) on WINDOWS (J:21.0.1 FX:21.0.1)
16:32:43.784 [JavaFX Application Thread] DEBUG Engine               - JRE Vendor Name: Oracle Corporation
16:32:43.784 [JavaFX Application Thread] DEBUG Engine               - Running on OS: Windows 11 version 10.0
16:32:43.784 [JavaFX Application Thread] DEBUG Engine               - Architecture: amd64
16:32:43.784 [JavaFX Application Thread] INFO  Engine               - Source code and latest versions at: https://github.com/AlmasB/FXGL
16:32:43.785 [JavaFX Application Thread] INFO  Engine               -       Ask questions and discuss at: https://github.com/AlmasB/FXGL/discussions
16:32:43.785 [JavaFX Application Thread] INFO  Engine               -              Join the FXGL chat at: https://gitter.im/AlmasB/FXGL
16:32:43.825 [JavaFX Application Thread] DEBUG PrimaryStageWindow   - Creating a JavaFX scene
16:32:43.848 [JavaFX Application Thread] DEBUG PrimaryStageWindow   - Target settings size: 800.0 x 600.0
16:32:43.848 [JavaFX Application Thread] DEBUG PrimaryStageWindow   - Scaled scene size:    800.0 x 600.0
16:32:43.848 [JavaFX Application Thread] DEBUG PrimaryStageWindow   - Scaled ratio: (1.0, 1.0)
16:32:43.850 [JavaFX Application Thread] DEBUG PrimaryStageWindow   - Set initial scene to FXGLStartupScene
16:32:43.852 [JavaFX Application Thread] DEBUG PrimaryStageWindow   - Opening main window
16:32:43.897 [JavaFX Application Thread] DEBUG PrimaryStageWindow   - Window border size: (14.4000244140625, 37.5999755859375)
16:32:43.898 [JavaFX Application Thread] DEBUG PrimaryStageWindow   - Scaled size: 800.0 x 600.0
16:32:43.898 [JavaFX Application Thread] DEBUG PrimaryStageWindow   - Scaled ratio: (1.0, 1.0)
16:32:43.898 [JavaFX Application Thread] DEBUG PrimaryStageWindow   - Scene size: 800.0 x 600.0
16:32:43.898 [JavaFX Application Thread] DEBUG PrimaryStageWindow   - Stage size: 814.4000244140625 x 637.5999755859375
16:32:43.901 [FXGL Background Thread 1 ] DEBUG Engine               - Initializing environment variables
16:32:43.928 [FXGL Background Thread 1 ] DEBUG FXGLAssetLoaderServi - User app class for loading assets: class com.HODS.GameDemoApp
16:32:43.928 [FXGL Background Thread 1 ] DEBUG GameApplicationServi - Applying CSS: fxgl_dark.css
16:32:43.928 [FXGL Background Thread 1 ] DEBUG FXGLAssetLoaderServi - Loading from file system: jar:file:///C:/Users/Administrator/.m2/repository/com/github/almasb/fxgl/21.1/fxgl-21.1.jar!/fxglassets/ui/css/fxgl_dark.css
16:32:43.955 [FXGL Background Thread 1 ] DEBUG GameApplicationServi - Initializing application scenes
16:32:43.987 [FXGL Background Thread 1 ] DEBUG GameWorld            - Game world initialized
16:32:44.013 [FXGL Background Thread 1 ] DEBUG PhysicsWorld         - Physics world initialized: appHeight=600, physics.ppm=50.0
16:32:44.013 [FXGL Background Thread 1 ] DEBUG PhysicsWorld         - Using strategy: BRUTE_FORCE
16:32:44.015 [FXGL Background Thread 1 ] DEBUG GameScene            - Game scene initialized: 800x600
16:32:44.020 [FXGL Background Thread 1 ] DEBUG FXGL.DefaultMenu     - createMenuBodyGameMenu()
16:32:44.025 [FXGL Background Thread 1 ] DEBUG FXGL.DefaultMenu     - createOptionsMenu()
16:32:44.029 [FXGL Background Thread 1 ] DEBUG FXGLAssetLoaderServi - Loading from file system: jar:file:///C:/Users/Administrator/.m2/repository/com/github/almasb/fxgl/21.1/fxgl-21.1.jar!/fxglassets/textures/particles/smoke.png
16:32:44.074 [FXGL Background Thread 1 ] DEBUG FXGLAssetLoaderServi - Loading from file system: jar:file:///C:/Users/Administrator/.m2/repository/com/github/almasb/fxgl/21.1/fxgl-21.1.jar!/fxglassets/textures/particles/trace_horizontal.png
16:32:44.087 [FXGL Background Thread 1 ] DEBUG GameApplicationServi - Application scenes initialized
16:32:44.094 [FXGL Background Thread 1 ] DEBUG SystemBundleService  - Loading FXGL system data
16:32:44.095 [FXGL Background Thread 1 ] DEBUG FileSystemAccess     - Reading from: C:\Users\Administrator\IdeaProjects\GameDemo\system\fxgl.bundle
16:32:44.099 [FXGL Background Thread 1 ] DEBUG SystemBundleService  - Bundle FXGL: {}
16:32:44.099 [FXGL Background Thread 1 ] DEBUG UpdaterService       - Checking for updates
16:32:44.101 [FXGL Background Thread 4 ] DEBUG FXGLApplication      - Loading fonts
16:32:44.102 [FXGL Background Thread 1 ] DEBUG FXGLApplication      - Loading default localization
16:32:44.102 [FXGL Background Thread 4 ] DEBUG FXGLAssetLoaderServi - Loading from file system: jar:file:///C:/Users/Administrator/.m2/repository/com/github/almasb/fxgl/21.1/fxgl-21.1.jar!/fxglassets/ui/fonts/VarelaRound-Regular.ttf
16:32:44.102 [FXGL Background Thread 1 ] DEBUG FXGLAssetLoaderServi - Loading from file system: jar:file:///C:/Users/Administrator/.m2/repository/com/github/almasb/fxgl/21.1/fxgl-21.1.jar!/fxglassets/languages/english.lang
16:32:44.121 [FXGL Background Thread 4 ] DEBUG FXGLAssetLoaderServi - Loading from file system: jar:file:///C:/Users/Administrator/.m2/repository/com/github/almasb/fxgl/21.1/fxgl-21.1.jar!/fxglassets/ui/fonts/Abel-Regular.ttf
16:32:44.123 [FXGL Background Thread 4 ] DEBUG FXGLAssetLoaderServi - Loading from file system: jar:file:///C:/Users/Administrator/.m2/repository/com/github/almasb/fxgl/21.1/fxgl-21.1.jar!/fxglassets/ui/fonts/TerminalLandMono-Regular.otf
16:32:44.123 [FXGL Background Thread 1 ] INFO  FXGLApplication      - FXGL initialization took: 0.222 sec
16:32:44.124 [JavaFX Application Thread] DEBUG FXGLAssetLoaderServi - Loading from file system: file:/C:/Users/Administrator/IdeaProjects/GameDemo/target/classes/assets/textures/Ghost1.gif
16:32:44.125 [FXGL Background Thread 4 ] DEBUG FXGLAssetLoaderServi - Loading from file system: jar:file:///C:/Users/Administrator/.m2/repository/com/github/almasb/fxgl/21.1/fxgl-21.1.jar!/fxglassets/ui/fonts/Courier-Prime.ttf
16:32:44.127 [JavaFX Application Thread] DEBUG FXGLAssetLoaderServi - Loading from file system: jar:file:///C:/Users/Administrator/.m2/repository/com/github/almasb/fxgl/21.1/fxgl-21.1.jar!/fxglassets/textures/fxgl_default_cursor.png
16:32:44.132 [JavaFX Application Thread] DEBUG Input                - Registered new binding: Screenshot - CTRL+8
16:32:44.132 [JavaFX Application Thread] DEBUG Input                - Registered new binding: System info dump - CTRL+9
16:32:44.133 [JavaFX Application Thread] DEBUG Input                - Registered new binding: Restart - CTRL+R
16:32:44.133 [JavaFX Application Thread] DEBUG Input                - Registered new binding: Toggle Debug Camera - CTRL+7
16:32:44.134 [JavaFX Application Thread] DEBUG LoopRunner           - Starting loop
16:32:44.134 [JavaFX Application Thread] DEBUG LoopRunner           - Initializing JavaFX AnimationTimerLoop
16:32:44.134 [JavaFX Application Thread] DEBUG GameApplicationServi - Starting new game
16:32:44.135 [JavaFX Application Thread] DEBUG Input                - Clearing active input actions
16:32:44.144 [JavaFX Application Thread] DEBUG GameApplicationServi - Removing overlay from FXGLStartupScene and adding to FXGLLoadingScene
16:32:44.144 [JavaFX Application Thread] DEBUG PrimaryStageWindow   - FXGLStartupScene -> FXGLLoadingScene
16:32:44.144 [JavaFX Application Thread] DEBUG GameApplicationServi - Clearing previous game
16:32:44.144 [JavaFX Application Thread] DEBUG GameScene            - Clearing game scene
16:32:44.144 [JavaFX Application Thread] DEBUG GameWorld            - Clearing game world
16:32:44.144 [JavaFX Application Thread] DEBUG PhysicsWorld         - Clearing physics world
16:32:44.145 [JavaFX Application Thread] DEBUG FXGLApplication      - Registering font factories with UI factory
16:32:44.145 [FXGL Background Thread 4 ] DEBUG FXGLApplication      - Initializing game
16:32:44.148 [FXGL Background Thread 4 ] DEBUG FXGLAssetLoaderServi - Loading from file system: file:/C:/Users/Administrator/IdeaProjects/GameDemo/target/classes/assets/textures/PacMan1.gif
16:32:44.154 [FXGL Background Thread 4 ] DEBUG Input                - Registered new binding: Move Up - Up
16:32:44.154 [FXGL Background Thread 4 ] DEBUG Input                - Registered new binding: Move Down - Down
16:32:44.154 [FXGL Background Thread 4 ] DEBUG Input                - Registered new binding: Move Left - Left
16:32:44.154 [FXGL Background Thread 4 ] DEBUG Input                - Registered new binding: Move Right - Right
16:32:44.157 [FXGL Background Thread 4 ] INFO  FXGLApplication      - Game initialization took: 0.012 sec
16:32:44.171 [JavaFX Application Thread] DEBUG Input                - Clearing active input actions
16:32:44.181 [JavaFX Application Thread] DEBUG GameApplicationServi - Removing overlay from FXGLLoadingScene and adding to GameScene
16:32:44.181 [JavaFX Application Thread] DEBUG PrimaryStageWindow   - FXGLLoadingScene -> GameScene
16:32:44.212 [FXGL Background Thread 2 ] WARN  UpdaterService       - Failed to find updates: java.net.UnknownHostException: raw.githubusercontent.com
16:32:46.957 [JavaFX Application Thread] DEBUG FXGLApplication      - Exiting FXGL
16:32:46.957 [JavaFX Application Thread] DEBUG LoopRunner           - Stopping loop
16:32:46.957 [JavaFX Application Thread] DEBUG SystemBundleService  - Saving FXGL system data
16:32:46.959 [JavaFX Application Thread] DEBUG FileSystemAccess     - Writing to: C:\Users\Administrator\IdeaProjects\GameDemo\system\fxgl.bundle
16:32:46.960 [JavaFX Application Thread] DEBUG Async                - Shutting down background threads
16:32:46.960 [JavaFX Application Thread] DEBUG PrimaryStageWindow   - Closing main window
16:32:46.969 [JavaFX Application Thread] DEBUG Logger               - Closing Logger
