17:32:03.513 [main                     ] DEBUG Logger               - Configured Logger
17:32:03.526 [main                     ] DEBUG GameApplication      - Logging settings
Title: GameDemoApp
Version: 0.1
Width: 800
Height: 600
Fullscreen: false
Intro: false
Profiling: false
Single step:false
App Mode: DEVELOPER
Menu Key: ESCAPE
Stage Style: DECORATED
Scene Factory: class com.almasb.fxgl.app.scene.SceneFactory

17:32:03.734 [JavaFX Application Thread] DEBUG FXGLApplication      - Initializing FXGL
17:32:03.735 [JavaFX Application Thread] INFO  Engine               - FXGL-21.1 (27.03.2024 07.52) on WINDOWS (J:21.0.1 FX:21.0.1)
17:32:03.736 [JavaFX Application Thread] DEBUG Engine               - JRE Vendor Name: Oracle Corporation
17:32:03.736 [JavaFX Application Thread] DEBUG Engine               - Running on OS: Windows 11 version 10.0
17:32:03.736 [JavaFX Application Thread] DEBUG Engine               - Architecture: amd64
17:32:03.736 [JavaFX Application Thread] INFO  Engine               - Source code and latest versions at: https://github.com/AlmasB/FXGL
17:32:03.736 [JavaFX Application Thread] INFO  Engine               -       Ask questions and discuss at: https://github.com/AlmasB/FXGL/discussions
17:32:03.736 [JavaFX Application Thread] INFO  Engine               -              Join the FXGL chat at: https://gitter.im/AlmasB/FXGL
17:32:03.776 [JavaFX Application Thread] DEBUG PrimaryStageWindow   - Creating a JavaFX scene
17:32:03.798 [JavaFX Application Thread] DEBUG PrimaryStageWindow   - Target settings size: 800.0 x 600.0
17:32:03.798 [JavaFX Application Thread] DEBUG PrimaryStageWindow   - Scaled scene size:    800.0 x 600.0
17:32:03.798 [JavaFX Application Thread] DEBUG PrimaryStageWindow   - Scaled ratio: (1.0, 1.0)
17:32:03.799 [JavaFX Application Thread] DEBUG PrimaryStageWindow   - Set initial scene to FXGLStartupScene
17:32:03.800 [JavaFX Application Thread] DEBUG PrimaryStageWindow   - Opening main window
17:32:03.841 [JavaFX Application Thread] DEBUG PrimaryStageWindow   - Window border size: (14.4000244140625, 37.5999755859375)
17:32:03.841 [JavaFX Application Thread] DEBUG PrimaryStageWindow   - Scaled size: 800.0 x 600.0
17:32:03.841 [JavaFX Application Thread] DEBUG PrimaryStageWindow   - Scaled ratio: (1.0, 1.0)
17:32:03.841 [JavaFX Application Thread] DEBUG PrimaryStageWindow   - Scene size: 800.0 x 600.0
17:32:03.841 [JavaFX Application Thread] DEBUG PrimaryStageWindow   - Stage size: 814.4000244140625 x 637.5999755859375
17:32:03.845 [FXGL Background Thread 1 ] DEBUG Engine               - Initializing environment variables
17:32:03.869 [FXGL Background Thread 1 ] DEBUG FXGLAssetLoaderServi - User app class for loading assets: class com.HODS.GameDemoApp
17:32:03.870 [FXGL Background Thread 1 ] DEBUG GameApplicationServi - Applying CSS: fxgl_dark.css
17:32:03.870 [FXGL Background Thread 1 ] DEBUG FXGLAssetLoaderServi - Loading from file system: jar:file:///C:/Users/Administrator/.m2/repository/com/github/almasb/fxgl/21.1/fxgl-21.1.jar!/fxglassets/ui/css/fxgl_dark.css
17:32:03.894 [FXGL Background Thread 1 ] DEBUG GameApplicationServi - Initializing application scenes
17:32:03.923 [FXGL Background Thread 1 ] DEBUG GameWorld            - Game world initialized
17:32:03.950 [FXGL Background Thread 1 ] DEBUG PhysicsWorld         - Physics world initialized: appHeight=600, physics.ppm=50.0
17:32:03.950 [FXGL Background Thread 1 ] DEBUG PhysicsWorld         - Using strategy: BRUTE_FORCE
17:32:03.952 [FXGL Background Thread 1 ] DEBUG GameScene            - Game scene initialized: 800x600
17:32:03.956 [FXGL Background Thread 1 ] DEBUG FXGL.DefaultMenu     - createMenuBodyGameMenu()
17:32:03.962 [FXGL Background Thread 1 ] DEBUG FXGL.DefaultMenu     - createOptionsMenu()
17:32:03.966 [FXGL Background Thread 1 ] DEBUG FXGLAssetLoaderServi - Loading from file system: jar:file:///C:/Users/Administrator/.m2/repository/com/github/almasb/fxgl/21.1/fxgl-21.1.jar!/fxglassets/textures/particles/smoke.png
17:32:04.011 [FXGL Background Thread 1 ] DEBUG FXGLAssetLoaderServi - Loading from file system: jar:file:///C:/Users/Administrator/.m2/repository/com/github/almasb/fxgl/21.1/fxgl-21.1.jar!/fxglassets/textures/particles/trace_horizontal.png
17:32:04.024 [FXGL Background Thread 1 ] DEBUG GameApplicationServi - Application scenes initialized
17:32:04.031 [FXGL Background Thread 1 ] DEBUG SystemBundleService  - Loading FXGL system data
17:32:04.033 [FXGL Background Thread 1 ] DEBUG FileSystemAccess     - Reading from: C:\Users\Administrator\IdeaProjects\GameDemo\system\fxgl.bundle
17:32:04.038 [FXGL Background Thread 1 ] DEBUG SystemBundleService  - Bundle FXGL: {}
17:32:04.038 [FXGL Background Thread 1 ] DEBUG UpdaterService       - Checking for updates
17:32:04.039 [FXGL Background Thread 4 ] DEBUG FXGLApplication      - Loading fonts
17:32:04.039 [FXGL Background Thread 1 ] DEBUG FXGLApplication      - Loading default localization
17:32:04.039 [FXGL Background Thread 4 ] DEBUG FXGLAssetLoaderServi - Loading from file system: jar:file:///C:/Users/Administrator/.m2/repository/com/github/almasb/fxgl/21.1/fxgl-21.1.jar!/fxglassets/ui/fonts/VarelaRound-Regular.ttf
17:32:04.041 [FXGL Background Thread 1 ] DEBUG FXGLAssetLoaderServi - Loading from file system: jar:file:///C:/Users/Administrator/.m2/repository/com/github/almasb/fxgl/21.1/fxgl-21.1.jar!/fxglassets/languages/english.lang
17:32:04.060 [FXGL Background Thread 4 ] DEBUG FXGLAssetLoaderServi - Loading from file system: jar:file:///C:/Users/Administrator/.m2/repository/com/github/almasb/fxgl/21.1/fxgl-21.1.jar!/fxglassets/ui/fonts/Abel-Regular.ttf
17:32:04.061 [FXGL Background Thread 4 ] DEBUG FXGLAssetLoaderServi - Loading from file system: jar:file:///C:/Users/Administrator/.m2/repository/com/github/almasb/fxgl/21.1/fxgl-21.1.jar!/fxglassets/ui/fonts/TerminalLandMono-Regular.otf
17:32:04.063 [FXGL Background Thread 4 ] DEBUG FXGLAssetLoaderServi - Loading from file system: jar:file:///C:/Users/Administrator/.m2/repository/com/github/almasb/fxgl/21.1/fxgl-21.1.jar!/fxglassets/ui/fonts/Courier-Prime.ttf
17:32:04.065 [FXGL Background Thread 1 ] INFO  FXGLApplication      - FXGL initialization took: 0.221 sec
17:32:04.066 [JavaFX Application Thread] DEBUG FXGLAssetLoaderServi - Loading from file system: file:/C:/Users/Administrator/IdeaProjects/GameDemo/target/classes/assets/textures/Ghost1.gif
17:32:04.070 [JavaFX Application Thread] DEBUG FXGLAssetLoaderServi - Loading from file system: jar:file:///C:/Users/Administrator/.m2/repository/com/github/almasb/fxgl/21.1/fxgl-21.1.jar!/fxglassets/textures/fxgl_default_cursor.png
17:32:04.075 [JavaFX Application Thread] DEBUG Input                - Registered new binding: Screenshot - CTRL+8
17:32:04.076 [JavaFX Application Thread] DEBUG Input                - Registered new binding: System info dump - CTRL+9
17:32:04.076 [JavaFX Application Thread] DEBUG Input                - Registered new binding: Restart - CTRL+R
17:32:04.076 [JavaFX Application Thread] DEBUG Input                - Registered new binding: Toggle Debug Camera - CTRL+7
17:32:04.077 [JavaFX Application Thread] DEBUG LoopRunner           - Starting loop
17:32:04.077 [JavaFX Application Thread] DEBUG LoopRunner           - Initializing JavaFX AnimationTimerLoop
17:32:04.078 [JavaFX Application Thread] DEBUG GameApplicationServi - Starting new game
17:32:04.078 [JavaFX Application Thread] DEBUG Input                - Clearing active input actions
17:32:04.085 [JavaFX Application Thread] DEBUG GameApplicationServi - Removing overlay from FXGLStartupScene and adding to FXGLLoadingScene
17:32:04.085 [JavaFX Application Thread] DEBUG PrimaryStageWindow   - FXGLStartupScene -> FXGLLoadingScene
17:32:04.085 [JavaFX Application Thread] DEBUG GameApplicationServi - Clearing previous game
17:32:04.085 [JavaFX Application Thread] DEBUG GameScene            - Clearing game scene
17:32:04.085 [JavaFX Application Thread] DEBUG GameWorld            - Clearing game world
17:32:04.085 [JavaFX Application Thread] DEBUG PhysicsWorld         - Clearing physics world
17:32:04.087 [FXGL Background Thread 4 ] DEBUG FXGLApplication      - Initializing game
17:32:04.088 [JavaFX Application Thread] DEBUG FXGLApplication      - Registering font factories with UI factory
17:32:04.104 [FXGL Background Thread 4 ] DEBUG Input                - Registered new binding: Move Up - Up
17:32:04.105 [FXGL Background Thread 4 ] DEBUG Input                - Registered new binding: Move Down - Down
17:32:04.105 [FXGL Background Thread 4 ] DEBUG Input                - Registered new binding: Move Left - Left
17:32:04.105 [FXGL Background Thread 4 ] DEBUG Input                - Registered new binding: Move Right - Right
17:32:04.106 [FXGL Background Thread 4 ] INFO  FXGLApplication      - Game initialization took: 0.020 sec
17:32:04.116 [JavaFX Application Thread] DEBUG Input                - Clearing active input actions
17:32:04.126 [JavaFX Application Thread] DEBUG GameApplicationServi - Removing overlay from FXGLLoadingScene and adding to GameScene
17:32:04.126 [JavaFX Application Thread] DEBUG PrimaryStageWindow   - FXGLLoadingScene -> GameScene
17:32:04.154 [FXGL Background Thread 2 ] WARN  UpdaterService       - Failed to find updates: java.net.UnknownHostException: raw.githubusercontent.com
17:32:07.041 [FXGL Background Thread 3 ] DEBUG Engine               - Logging environment variables
17:32:07.041 [FXGL Background Thread 3 ] DEBUG Engine               - achievements: []
17:32:07.041 [FXGL Background Thread 3 ] DEBUG Engine               - actualHeight: 600.0
17:32:07.041 [FXGL Background Thread 3 ] DEBUG Engine               - actualHeightProperty: ReadOnlyDoubleProperty [value: 600.0]
17:32:07.042 [FXGL Background Thread 3 ] DEBUG Engine               - actualWidth: 800.0
17:32:07.042 [FXGL Background Thread 3 ] DEBUG Engine               - actualWidthProperty: ReadOnlyDoubleProperty [value: 800.0]
17:32:07.042 [FXGL Background Thread 3 ] DEBUG Engine               - appIcon: Ghost1.gif
17:32:07.042 [FXGL Background Thread 3 ] DEBUG Engine               - applicationMode: DEVELOPER
17:32:07.042 [FXGL Background Thread 3 ] DEBUG Engine               - cSSList: [fxgl_dark.css]
17:32:07.042 [FXGL Background Thread 3 ] DEBUG Engine               - collisionDetectionStrategy: BRUTE_FORCE
17:32:07.042 [FXGL Background Thread 3 ] DEBUG Engine               - configClass: Optional.empty
17:32:07.042 [FXGL Background Thread 3 ] DEBUG Engine               - credits: []
17:32:07.043 [FXGL Background Thread 3 ] DEBUG Engine               - defaultCursor: CursorInfo(imageName=fxgl_default_cursor.png, hotspotX=7.0, hotspotY=6.0)
17:32:07.043 [FXGL Background Thread 3 ] DEBUG Engine               - devBBoxColorProperty: ObjectProperty [value: 0xff0000ff]
17:32:07.043 [FXGL Background Thread 3 ] DEBUG Engine               - devEnableDebugCameraProperty: BooleanProperty [value: false]
17:32:07.043 [FXGL Background Thread 3 ] DEBUG Engine               - devSensorColorProperty: ObjectProperty [value: 0xffff00ff]
17:32:07.043 [FXGL Background Thread 3 ] DEBUG Engine               - devShowBBoxProperty: BooleanProperty [value: false]
17:32:07.043 [FXGL Background Thread 3 ] DEBUG Engine               - devShowPositionProperty: BooleanProperty [value: false]
17:32:07.043 [FXGL Background Thread 3 ] DEBUG Engine               - enabledMenuItems: []
17:32:07.044 [FXGL Background Thread 3 ] DEBUG Engine               - engineServices: [class com.almasb.fxgl.app.services.FXGLAssetLoaderService, class com.almasb.fxgl.app.FXGLApplication$GameApplicationService, class com.almasb.fxgl.app.services.FXGLDialogService, class com.almasb.fxgl.app.services.IOTaskExecutorService, class com.almasb.fxgl.io.FileSystemService, class com.almasb.fxgl.localization.LocalizationService, class com.almasb.fxgl.app.services.SystemBundleService, class com.almasb.fxgl.profile.SaveLoadService, class com.almasb.fxgl.ui.FXGLUIFactoryServiceProvider, class com.almasb.fxgl.ui.FXGLDialogFactoryServiceProvider, class com.almasb.fxgl.audio.AudioPlayer, class com.almasb.fxgl.notification.impl.NotificationServiceProvider, class com.almasb.fxgl.achievement.AchievementService, class com.almasb.fxgl.cutscene.CutsceneService, class com.almasb.fxgl.minigames.MiniGameService, class com.almasb.fxgl.net.NetService, class com.almasb.fxgl.app.services.UpdaterService, class com.almasb.fxgl.dev.DevService]
17:32:07.044 [FXGL Background Thread 3 ] DEBUG Engine               - fontGame: Abel-Regular.ttf
17:32:07.044 [FXGL Background Thread 3 ] DEBUG Engine               - fontMono: TerminalLandMono-Regular.otf
17:32:07.044 [FXGL Background Thread 3 ] DEBUG Engine               - fontSizeScaleUI: 1.0
17:32:07.044 [FXGL Background Thread 3 ] DEBUG Engine               - fontText: Courier-Prime.ttf
17:32:07.044 [FXGL Background Thread 3 ] DEBUG Engine               - fontUI: VarelaRound-Regular.ttf
17:32:07.044 [FXGL Background Thread 3 ] DEBUG Engine               - fullScreen: BooleanProperty [value: false]
17:32:07.044 [FXGL Background Thread 3 ] DEBUG Engine               - gameDifficulty: MEDIUM
17:32:07.044 [FXGL Background Thread 3 ] DEBUG Engine               - gameDifficultyProperty: ObjectProperty [value: MEDIUM]
17:32:07.044 [FXGL Background Thread 3 ] DEBUG Engine               - globalMusicVolume: 0.5
17:32:07.044 [FXGL Background Thread 3 ] DEBUG Engine               - globalMusicVolumeProperty: DoubleProperty [value: 0.5]
17:32:07.044 [FXGL Background Thread 3 ] DEBUG Engine               - globalSoundVolume: 0.5
17:32:07.044 [FXGL Background Thread 3 ] DEBUG Engine               - globalSoundVolumeProperty: DoubleProperty [value: 0.5]
17:32:07.044 [FXGL Background Thread 3 ] DEBUG Engine               - height: 600
17:32:07.044 [FXGL Background Thread 3 ] DEBUG Engine               - is3D: false
17:32:07.044 [FXGL Background Thread 3 ] DEBUG Engine               - isAndroid: false
17:32:07.044 [FXGL Background Thread 3 ] DEBUG Engine               - isBrowser: false
17:32:07.044 [FXGL Background Thread 3 ] DEBUG Engine               - isClickFeedbackEnabled: false
17:32:07.044 [FXGL Background Thread 3 ] DEBUG Engine               - isCloseConfirmation: false
17:32:07.044 [FXGL Background Thread 3 ] DEBUG Engine               - isDesktop: true
17:32:07.044 [FXGL Background Thread 3 ] DEBUG Engine               - isDeveloperMenuEnabled: false
17:32:07.044 [FXGL Background Thread 3 ] DEBUG Engine               - isEmbedded: false
17:32:07.044 [FXGL Background Thread 3 ] DEBUG Engine               - isEntityPreloadEnabled: true
17:32:07.044 [FXGL Background Thread 3 ] DEBUG Engine               - isExperimentalTiledLargeMap: false
17:32:07.044 [FXGL Background Thread 3 ] DEBUG Engine               - isFileSystemWriteAllowed: true
17:32:07.044 [FXGL Background Thread 3 ] DEBUG Engine               - isFullScreenAllowed: false
17:32:07.044 [FXGL Background Thread 3 ] DEBUG Engine               - isFullScreenFromStart: false
17:32:07.044 [FXGL Background Thread 3 ] DEBUG Engine               - isGameMenuEnabled: true
17:32:07.044 [FXGL Background Thread 3 ] DEBUG Engine               - isIOS: false
17:32:07.044 [FXGL Background Thread 3 ] DEBUG Engine               - isIntroEnabled: false
17:32:07.044 [FXGL Background Thread 3 ] DEBUG Engine               - isLinux: false
17:32:07.044 [FXGL Background Thread 3 ] DEBUG Engine               - isMac: false
17:32:07.044 [FXGL Background Thread 3 ] DEBUG Engine               - isMainMenuEnabled: false
17:32:07.044 [FXGL Background Thread 3 ] DEBUG Engine               - isManualResizeEnabled: false
17:32:07.044 [FXGL Background Thread 3 ] DEBUG Engine               - isMobile: false
17:32:07.045 [FXGL Background Thread 3 ] DEBUG Engine               - isNative: false
17:32:07.045 [FXGL Background Thread 3 ] DEBUG Engine               - isPauseMusicWhenMinimized: true
17:32:07.045 [FXGL Background Thread 3 ] DEBUG Engine               - isPreserveResizeRatio: false
17:32:07.045 [FXGL Background Thread 3 ] DEBUG Engine               - isProfilingEnabled: false
17:32:07.045 [FXGL Background Thread 3 ] DEBUG Engine               - isScaleAffectedOnResize: true
17:32:07.045 [FXGL Background Thread 3 ] DEBUG Engine               - isSingleStep: false
17:32:07.045 [FXGL Background Thread 3 ] DEBUG Engine               - isUserProfileEnabled: false
17:32:07.045 [FXGL Background Thread 3 ] DEBUG Engine               - isWindows: true
17:32:07.045 [FXGL Background Thread 3 ] DEBUG Engine               - language: ObjectProperty [value: ENGLISH]
17:32:07.045 [FXGL Background Thread 3 ] DEBUG Engine               - menuKey: ESCAPE
17:32:07.045 [FXGL Background Thread 3 ] DEBUG Engine               - mouseSensitivity: 0.2
17:32:07.045 [FXGL Background Thread 3 ] DEBUG Engine               - notificationViewClass: class com.almasb.fxgl.notification.view.XboxNotificationView
17:32:07.045 [FXGL Background Thread 3 ] DEBUG Engine               - pixelsPerMeter: 50.0
17:32:07.045 [FXGL Background Thread 3 ] DEBUG Engine               - platform: WINDOWS
17:32:07.045 [FXGL Background Thread 3 ] DEBUG Engine               - prefHeightProperty: ReadOnlyDoubleProperty [value: 600.0]
17:32:07.045 [FXGL Background Thread 3 ] DEBUG Engine               - prefWidthProperty: ReadOnlyDoubleProperty [value: 800.0]
17:32:07.045 [FXGL Background Thread 3 ] DEBUG Engine               - profileDir: profiles/
17:32:07.045 [FXGL Background Thread 3 ] DEBUG Engine               - profileName: StringProperty [value: DEFAULT]
17:32:07.045 [FXGL Background Thread 3 ] DEBUG Engine               - randomSeed: -1
17:32:07.045 [FXGL Background Thread 3 ] DEBUG Engine               - runtimeInfo: RuntimeInfo(platform=WINDOWS, version=21.1, build=27.03.2024 07.52)
17:32:07.045 [FXGL Background Thread 3 ] DEBUG Engine               - saveFileExt: sav
17:32:07.045 [FXGL Background Thread 3 ] DEBUG Engine               - scaledHeightProp$fxgl: DoubleProperty [bound, value: 600.0]
17:32:07.045 [FXGL Background Thread 3 ] DEBUG Engine               - scaledWidthProp$fxgl: DoubleProperty [bound, value: 800.0]
17:32:07.045 [FXGL Background Thread 3 ] DEBUG Engine               - sceneFactory: com.almasb.fxgl.app.scene.SceneFactory@9047f79
17:32:07.045 [FXGL Background Thread 3 ] DEBUG Engine               - secondsIn24h: 60
17:32:07.045 [FXGL Background Thread 3 ] DEBUG Engine               - soundMenuBack: menu/back.wav
17:32:07.045 [FXGL Background Thread 3 ] DEBUG Engine               - soundMenuPress: menu/press.wav
17:32:07.045 [FXGL Background Thread 3 ] DEBUG Engine               - soundMenuSelect: menu/select.wav
17:32:07.045 [FXGL Background Thread 3 ] DEBUG Engine               - soundNotification: core/notification.wav
17:32:07.045 [FXGL Background Thread 3 ] DEBUG Engine               - stageStyle: DECORATED
17:32:07.045 [FXGL Background Thread 3 ] DEBUG Engine               - supportedLanguages: [ENGLISH, FRENCH, GERMAN, HUNGARIAN, RUSSIAN]
17:32:07.045 [FXGL Background Thread 3 ] DEBUG Engine               - ticksPerSecond: -1
17:32:07.046 [FXGL Background Thread 3 ] DEBUG Engine               - title: GameDemoApp
17:32:07.046 [FXGL Background Thread 3 ] DEBUG Engine               - urlGithub: https://github.com/AlmasB/FXGL
17:32:07.046 [FXGL Background Thread 3 ] DEBUG Engine               - urlLeaderboard: http://fxgl-top.herokuapp.com/
17:32:07.046 [FXGL Background Thread 3 ] DEBUG Engine               - urlPOM: https://raw.githubusercontent.com/AlmasB/FXGL/release/README.md
17:32:07.046 [FXGL Background Thread 3 ] DEBUG Engine               - userAppClass: class com.HODS.GameDemoApp
17:32:07.046 [FXGL Background Thread 3 ] DEBUG Engine               - version: 0.1
17:32:07.046 [FXGL Background Thread 3 ] DEBUG Engine               - versionCheckDays: 7
17:32:07.046 [FXGL Background Thread 3 ] DEBUG Engine               - width: 800
17:32:07.046 [FXGL Background Thread 3 ] DEBUG Engine               - Logging services
17:32:07.046 [FXGL Background Thread 3 ] DEBUG Engine               - class com.almasb.fxgl.app.services.FXGLAssetLoaderService
17:32:07.046 [FXGL Background Thread 3 ] DEBUG Engine               - class com.almasb.fxgl.app.FXGLApplication$GameApplicationService
17:32:07.046 [FXGL Background Thread 3 ] DEBUG Engine               - class com.almasb.fxgl.app.services.FXGLDialogService
17:32:07.046 [FXGL Background Thread 3 ] DEBUG Engine               - class com.almasb.fxgl.app.services.IOTaskExecutorService
17:32:07.046 [FXGL Background Thread 3 ] DEBUG Engine               - class com.almasb.fxgl.io.FileSystemService
17:32:07.046 [FXGL Background Thread 3 ] DEBUG Engine               - class com.almasb.fxgl.localization.LocalizationService
17:32:07.046 [FXGL Background Thread 3 ] DEBUG Engine               - class com.almasb.fxgl.app.services.SystemBundleService
17:32:07.046 [FXGL Background Thread 3 ] DEBUG Engine               - class com.almasb.fxgl.profile.SaveLoadService
17:32:07.046 [FXGL Background Thread 3 ] DEBUG Engine               - class com.almasb.fxgl.ui.FXGLUIFactoryServiceProvider
17:32:07.046 [FXGL Background Thread 3 ] DEBUG Engine               - class com.almasb.fxgl.ui.FXGLDialogFactoryServiceProvider
17:32:07.046 [FXGL Background Thread 3 ] DEBUG Engine               - class com.almasb.fxgl.audio.AudioPlayer
17:32:07.046 [FXGL Background Thread 3 ] DEBUG Engine               - class com.almasb.fxgl.notification.impl.NotificationServiceProvider
17:32:07.046 [FXGL Background Thread 3 ] DEBUG Engine               - class com.almasb.fxgl.achievement.AchievementService
17:32:07.046 [FXGL Background Thread 3 ] DEBUG Engine               - class com.almasb.fxgl.cutscene.CutsceneService
17:32:07.046 [FXGL Background Thread 3 ] DEBUG Engine               - class com.almasb.fxgl.minigames.MiniGameService
17:32:07.046 [FXGL Background Thread 3 ] DEBUG Engine               - class com.almasb.fxgl.net.NetService
17:32:07.046 [FXGL Background Thread 3 ] DEBUG Engine               - class com.almasb.fxgl.app.services.UpdaterService
17:32:07.046 [FXGL Background Thread 3 ] DEBUG Engine               - class com.almasb.fxgl.dev.DevService
17:32:13.478 [JavaFX Application Thread] DEBUG FXGLApplication      - Exiting FXGL
17:32:13.479 [JavaFX Application Thread] DEBUG LoopRunner           - Stopping loop
17:32:13.479 [JavaFX Application Thread] DEBUG SystemBundleService  - Saving FXGL system data
17:32:13.480 [JavaFX Application Thread] DEBUG FileSystemAccess     - Writing to: C:\Users\Administrator\IdeaProjects\GameDemo\system\fxgl.bundle
17:32:13.482 [JavaFX Application Thread] DEBUG Async                - Shutting down background threads
17:32:13.482 [JavaFX Application Thread] DEBUG PrimaryStageWindow   - Closing main window
17:32:13.492 [JavaFX Application Thread] DEBUG Logger               - Closing Logger
